[0.920s] DEBUG:colcon:Command line arguments: ['/usr/bin/colcon', 'build', '--cmake-args', '-DCMAKE_BUILD_TYPE=Release', '--symlink-install']
[0.920s] DEBUG:colcon:Parsed command line arguments: Namespace(ament_cmake_args=None, base_paths=['.'], build_base='build', catkin_cmake_args=None, catkin_skip_building_tests=False, cmake_args=['-DCMAKE_BUILD_TYPE=Release'], cmake_clean_cache=False, cmake_clean_first=False, cmake_force_configure=False, cmake_target=None, cmake_target_skip_unavailable=False, continue_on_error=False, event_handlers=None, executor='parallel', ignore_user_meta=False, install_base='install', log_base=None, log_level=None, main=<bound method BuildVerb.main of <colcon_core.verb.build.BuildVerb object at 0x7f6416af95b0>>, merge_install=False, metas=['./colcon.meta'], packages_above=None, packages_above_and_dependencies=None, packages_above_depth=None, packages_end=None, packages_ignore=None, packages_ignore_regex=None, packages_select=None, packages_select_build_failed=False, packages_select_by_dep=None, packages_select_regex=None, packages_select_test_failures=False, packages_skip=None, packages_skip_build_finished=False, packages_skip_by_dep=None, packages_skip_regex=None, packages_skip_test_passed=False, packages_skip_up_to=None, packages_start=None, packages_up_to=None, packages_up_to_regex=None, parallel_workers=104, paths=None, symlink_install=True, test_result_base=None, verb_extension=<colcon_core.verb.build.BuildVerb object at 0x7f6416af95b0>, verb_name='build', verb_parser=<colcon_defaults.argument_parser.defaults.DefaultArgumentsDecorator object at 0x7f6416af9af0>)
[1.393s] Level 1:colcon.colcon_core.package_discovery:discover_packages(colcon_meta) check parameters
[1.393s] Level 1:colcon.colcon_core.package_discovery:discover_packages(recursive) check parameters
[1.393s] Level 1:colcon.colcon_core.package_discovery:discover_packages(ignore) check parameters
[1.394s] Level 1:colcon.colcon_core.package_discovery:discover_packages(path) check parameters
[1.394s] Level 1:colcon.colcon_core.package_discovery:discover_packages(colcon_meta) discover
[1.394s] Level 1:colcon.colcon_core.package_discovery:discover_packages(recursive) discover
[1.394s] INFO:colcon.colcon_core.package_discovery:Crawling recursively for packages in '/root/RoboLearn/Demonstrations/ws_forcedimension'
[1.394s] Level 1:colcon.colcon_core.package_identification:_identify(.) by extensions ['ignore', 'ignore_ament_install']
[1.395s] Level 1:colcon.colcon_core.package_identification:_identify(.) by extension 'ignore'
[1.395s] Level 1:colcon.colcon_core.package_identification:_identify(.) by extension 'ignore_ament_install'
[1.395s] Level 1:colcon.colcon_core.package_identification:_identify(.) by extensions ['colcon_pkg']
[1.395s] Level 1:colcon.colcon_core.package_identification:_identify(.) by extension 'colcon_pkg'
[1.395s] Level 1:colcon.colcon_core.package_identification:_identify(.) by extensions ['colcon_meta']
[1.395s] Level 1:colcon.colcon_core.package_identification:_identify(.) by extension 'colcon_meta'
[1.395s] Level 1:colcon.colcon_core.package_identification:_identify(.) by extensions ['ros']
[1.395s] Level 1:colcon.colcon_core.package_identification:_identify(.) by extension 'ros'
[1.831s] Level 1:colcon.colcon_core.package_identification:_identify(.) by extensions ['cmake', 'python']
[1.831s] Level 1:colcon.colcon_core.package_identification:_identify(.) by extension 'cmake'
[1.831s] Level 1:colcon.colcon_core.package_identification:_identify(.) by extension 'python'
[1.832s] Level 1:colcon.colcon_core.package_identification:_identify(.) by extensions ['python_setup_py']
[1.832s] Level 1:colcon.colcon_core.package_identification:_identify(.) by extension 'python_setup_py'
[1.832s] Level 1:colcon.colcon_core.package_identification:_identify(build) by extensions ['ignore', 'ignore_ament_install']
[1.832s] Level 1:colcon.colcon_core.package_identification:_identify(build) by extension 'ignore'
[1.832s] Level 1:colcon.colcon_core.package_identification:_identify(build) ignored
[1.833s] Level 1:colcon.colcon_core.package_identification:_identify(install) by extensions ['ignore', 'ignore_ament_install']
[1.833s] Level 1:colcon.colcon_core.package_identification:_identify(install) by extension 'ignore'
[1.833s] Level 1:colcon.colcon_core.package_identification:_identify(install) ignored
[1.833s] Level 1:colcon.colcon_core.package_identification:_identify(log) by extensions ['ignore', 'ignore_ament_install']
[1.833s] Level 1:colcon.colcon_core.package_identification:_identify(log) by extension 'ignore'
[1.834s] Level 1:colcon.colcon_core.package_identification:_identify(log) ignored
[1.834s] Level 1:colcon.colcon_core.package_identification:_identify(src) by extensions ['ignore', 'ignore_ament_install']
[1.834s] Level 1:colcon.colcon_core.package_identification:_identify(src) by extension 'ignore'
[1.834s] Level 1:colcon.colcon_core.package_identification:_identify(src) by extension 'ignore_ament_install'
[1.834s] Level 1:colcon.colcon_core.package_identification:_identify(src) by extensions ['colcon_pkg']
[1.834s] Level 1:colcon.colcon_core.package_identification:_identify(src) by extension 'colcon_pkg'
[1.834s] Level 1:colcon.colcon_core.package_identification:_identify(src) by extensions ['colcon_meta']
[1.835s] Level 1:colcon.colcon_core.package_identification:_identify(src) by extension 'colcon_meta'
[1.835s] Level 1:colcon.colcon_core.package_identification:_identify(src) by extensions ['ros']
[1.835s] Level 1:colcon.colcon_core.package_identification:_identify(src) by extension 'ros'
[1.835s] Level 1:colcon.colcon_core.package_identification:_identify(src) by extensions ['cmake', 'python']
[1.835s] Level 1:colcon.colcon_core.package_identification:_identify(src) by extension 'cmake'
[1.835s] Level 1:colcon.colcon_core.package_identification:_identify(src) by extension 'python'
[1.835s] Level 1:colcon.colcon_core.package_identification:_identify(src) by extensions ['python_setup_py']
[1.835s] Level 1:colcon.colcon_core.package_identification:_identify(src) by extension 'python_setup_py'
[1.836s] Level 1:colcon.colcon_core.package_identification:_identify(src/forcedimension_ros2) by extensions ['ignore', 'ignore_ament_install']
[1.836s] Level 1:colcon.colcon_core.package_identification:_identify(src/forcedimension_ros2) by extension 'ignore'
[1.836s] Level 1:colcon.colcon_core.package_identification:_identify(src/forcedimension_ros2) by extension 'ignore_ament_install'
[1.836s] Level 1:colcon.colcon_core.package_identification:_identify(src/forcedimension_ros2) by extensions ['colcon_pkg']
[1.836s] Level 1:colcon.colcon_core.package_identification:_identify(src/forcedimension_ros2) by extension 'colcon_pkg'
[1.836s] Level 1:colcon.colcon_core.package_identification:_identify(src/forcedimension_ros2) by extensions ['colcon_meta']
[1.836s] Level 1:colcon.colcon_core.package_identification:_identify(src/forcedimension_ros2) by extension 'colcon_meta'
[1.837s] Level 1:colcon.colcon_core.package_identification:_identify(src/forcedimension_ros2) by extensions ['ros']
[1.837s] Level 1:colcon.colcon_core.package_identification:_identify(src/forcedimension_ros2) by extension 'ros'
[1.837s] Level 1:colcon.colcon_core.package_identification:_identify(src/forcedimension_ros2) by extensions ['cmake', 'python']
[1.837s] Level 1:colcon.colcon_core.package_identification:_identify(src/forcedimension_ros2) by extension 'cmake'
[1.837s] Level 1:colcon.colcon_core.package_identification:_identify(src/forcedimension_ros2) by extension 'python'
[1.837s] Level 1:colcon.colcon_core.package_identification:_identify(src/forcedimension_ros2) by extensions ['python_setup_py']
[1.837s] Level 1:colcon.colcon_core.package_identification:_identify(src/forcedimension_ros2) by extension 'python_setup_py'
[1.838s] Level 1:colcon.colcon_core.package_identification:_identify(src/forcedimension_ros2/fd_bringup) by extensions ['ignore', 'ignore_ament_install']
[1.838s] Level 1:colcon.colcon_core.package_identification:_identify(src/forcedimension_ros2/fd_bringup) by extension 'ignore'
[1.838s] Level 1:colcon.colcon_core.package_identification:_identify(src/forcedimension_ros2/fd_bringup) by extension 'ignore_ament_install'
[1.838s] Level 1:colcon.colcon_core.package_identification:_identify(src/forcedimension_ros2/fd_bringup) by extensions ['colcon_pkg']
[1.838s] Level 1:colcon.colcon_core.package_identification:_identify(src/forcedimension_ros2/fd_bringup) by extension 'colcon_pkg'
[1.838s] Level 1:colcon.colcon_core.package_identification:_identify(src/forcedimension_ros2/fd_bringup) by extensions ['colcon_meta']
[1.838s] Level 1:colcon.colcon_core.package_identification:_identify(src/forcedimension_ros2/fd_bringup) by extension 'colcon_meta'
[1.838s] Level 1:colcon.colcon_core.package_identification:_identify(src/forcedimension_ros2/fd_bringup) by extensions ['ros']
[1.839s] Level 1:colcon.colcon_core.package_identification:_identify(src/forcedimension_ros2/fd_bringup) by extension 'ros'
[1.884s] DEBUG:colcon.colcon_core.package_identification:Package 'src/forcedimension_ros2/fd_bringup' with type 'ros.ament_cmake' and name 'fd_bringup'
[1.884s] Level 1:colcon.colcon_core.package_identification:_identify(src/forcedimension_ros2/fd_controllers) by extensions ['ignore', 'ignore_ament_install']
[1.884s] Level 1:colcon.colcon_core.package_identification:_identify(src/forcedimension_ros2/fd_controllers) by extension 'ignore'
[1.885s] Level 1:colcon.colcon_core.package_identification:_identify(src/forcedimension_ros2/fd_controllers) by extension 'ignore_ament_install'
[1.885s] Level 1:colcon.colcon_core.package_identification:_identify(src/forcedimension_ros2/fd_controllers) by extensions ['colcon_pkg']
[1.885s] Level 1:colcon.colcon_core.package_identification:_identify(src/forcedimension_ros2/fd_controllers) by extension 'colcon_pkg'
[1.885s] Level 1:colcon.colcon_core.package_identification:_identify(src/forcedimension_ros2/fd_controllers) by extensions ['colcon_meta']
[1.885s] Level 1:colcon.colcon_core.package_identification:_identify(src/forcedimension_ros2/fd_controllers) by extension 'colcon_meta'
[1.885s] Level 1:colcon.colcon_core.package_identification:_identify(src/forcedimension_ros2/fd_controllers) by extensions ['ros']
[1.885s] Level 1:colcon.colcon_core.package_identification:_identify(src/forcedimension_ros2/fd_controllers) by extension 'ros'
[1.886s] Level 1:colcon.colcon_core.package_identification:_identify(src/forcedimension_ros2/fd_controllers) by extensions ['cmake', 'python']
[1.886s] Level 1:colcon.colcon_core.package_identification:_identify(src/forcedimension_ros2/fd_controllers) by extension 'cmake'
[1.886s] Level 1:colcon.colcon_core.package_identification:_identify(src/forcedimension_ros2/fd_controllers) by extension 'python'
[1.886s] Level 1:colcon.colcon_core.package_identification:_identify(src/forcedimension_ros2/fd_controllers) by extensions ['python_setup_py']
[1.886s] Level 1:colcon.colcon_core.package_identification:_identify(src/forcedimension_ros2/fd_controllers) by extension 'python_setup_py'
[1.886s] Level 1:colcon.colcon_core.package_identification:_identify(src/forcedimension_ros2/fd_controllers/ee_pose_broadcaster) by extensions ['ignore', 'ignore_ament_install']
[1.887s] Level 1:colcon.colcon_core.package_identification:_identify(src/forcedimension_ros2/fd_controllers/ee_pose_broadcaster) by extension 'ignore'
[1.887s] Level 1:colcon.colcon_core.package_identification:_identify(src/forcedimension_ros2/fd_controllers/ee_pose_broadcaster) by extension 'ignore_ament_install'
[1.887s] Level 1:colcon.colcon_core.package_identification:_identify(src/forcedimension_ros2/fd_controllers/ee_pose_broadcaster) by extensions ['colcon_pkg']
[1.887s] Level 1:colcon.colcon_core.package_identification:_identify(src/forcedimension_ros2/fd_controllers/ee_pose_broadcaster) by extension 'colcon_pkg'
[1.887s] Level 1:colcon.colcon_core.package_identification:_identify(src/forcedimension_ros2/fd_controllers/ee_pose_broadcaster) by extensions ['colcon_meta']
[1.887s] Level 1:colcon.colcon_core.package_identification:_identify(src/forcedimension_ros2/fd_controllers/ee_pose_broadcaster) by extension 'colcon_meta'
[1.887s] Level 1:colcon.colcon_core.package_identification:_identify(src/forcedimension_ros2/fd_controllers/ee_pose_broadcaster) by extensions ['ros']
[1.888s] Level 1:colcon.colcon_core.package_identification:_identify(src/forcedimension_ros2/fd_controllers/ee_pose_broadcaster) by extension 'ros'
[1.933s] DEBUG:colcon.colcon_core.package_identification:Package 'src/forcedimension_ros2/fd_controllers/ee_pose_broadcaster' with type 'ros.ament_cmake' and name 'ee_pose_broadcaster'
[1.934s] Level 1:colcon.colcon_core.package_identification:_identify(src/forcedimension_ros2/fd_description) by extensions ['ignore', 'ignore_ament_install']
[1.934s] Level 1:colcon.colcon_core.package_identification:_identify(src/forcedimension_ros2/fd_description) by extension 'ignore'
[1.934s] Level 1:colcon.colcon_core.package_identification:_identify(src/forcedimension_ros2/fd_description) by extension 'ignore_ament_install'
[1.935s] Level 1:colcon.colcon_core.package_identification:_identify(src/forcedimension_ros2/fd_description) by extensions ['colcon_pkg']
[1.935s] Level 1:colcon.colcon_core.package_identification:_identify(src/forcedimension_ros2/fd_description) by extension 'colcon_pkg'
[1.935s] Level 1:colcon.colcon_core.package_identification:_identify(src/forcedimension_ros2/fd_description) by extensions ['colcon_meta']
[1.935s] Level 1:colcon.colcon_core.package_identification:_identify(src/forcedimension_ros2/fd_description) by extension 'colcon_meta'
[1.935s] Level 1:colcon.colcon_core.package_identification:_identify(src/forcedimension_ros2/fd_description) by extensions ['ros']
[1.935s] Level 1:colcon.colcon_core.package_identification:_identify(src/forcedimension_ros2/fd_description) by extension 'ros'
[2.015s] DEBUG:colcon.colcon_core.package_identification:Package 'src/forcedimension_ros2/fd_description' with type 'ros.ament_cmake' and name 'fd_description'
[2.016s] Level 1:colcon.colcon_core.package_identification:_identify(src/forcedimension_ros2/fd_hardware) by extensions ['ignore', 'ignore_ament_install']
[2.016s] Level 1:colcon.colcon_core.package_identification:_identify(src/forcedimension_ros2/fd_hardware) by extension 'ignore'
[2.016s] Level 1:colcon.colcon_core.package_identification:_identify(src/forcedimension_ros2/fd_hardware) by extension 'ignore_ament_install'
[2.016s] Level 1:colcon.colcon_core.package_identification:_identify(src/forcedimension_ros2/fd_hardware) by extensions ['colcon_pkg']
[2.016s] Level 1:colcon.colcon_core.package_identification:_identify(src/forcedimension_ros2/fd_hardware) by extension 'colcon_pkg'
[2.017s] Level 1:colcon.colcon_core.package_identification:_identify(src/forcedimension_ros2/fd_hardware) by extensions ['colcon_meta']
[2.017s] Level 1:colcon.colcon_core.package_identification:_identify(src/forcedimension_ros2/fd_hardware) by extension 'colcon_meta'
[2.017s] Level 1:colcon.colcon_core.package_identification:_identify(src/forcedimension_ros2/fd_hardware) by extensions ['ros']
[2.017s] Level 1:colcon.colcon_core.package_identification:_identify(src/forcedimension_ros2/fd_hardware) by extension 'ros'
[2.068s] DEBUG:colcon.colcon_core.package_identification:Package 'src/forcedimension_ros2/fd_hardware' with type 'ros.ament_cmake' and name 'fd_hardware'
[2.068s] Level 1:colcon.colcon_core.package_identification:_identify(src/tcp_socket) by extensions ['ignore', 'ignore_ament_install']
[2.069s] Level 1:colcon.colcon_core.package_identification:_identify(src/tcp_socket) by extension 'ignore'
[2.069s] Level 1:colcon.colcon_core.package_identification:_identify(src/tcp_socket) by extension 'ignore_ament_install'
[2.069s] Level 1:colcon.colcon_core.package_identification:_identify(src/tcp_socket) by extensions ['colcon_pkg']
[2.069s] Level 1:colcon.colcon_core.package_identification:_identify(src/tcp_socket) by extension 'colcon_pkg'
[2.069s] Level 1:colcon.colcon_core.package_identification:_identify(src/tcp_socket) by extensions ['colcon_meta']
[2.069s] Level 1:colcon.colcon_core.package_identification:_identify(src/tcp_socket) by extension 'colcon_meta'
[2.070s] Level 1:colcon.colcon_core.package_identification:_identify(src/tcp_socket) by extensions ['ros']
[2.070s] Level 1:colcon.colcon_core.package_identification:_identify(src/tcp_socket) by extension 'ros'
[2.093s] DEBUG:colcon.colcon_core.package_identification:Package 'src/tcp_socket' with type 'ros.ament_python' and name 'tcp_socket'
[2.093s] Level 1:colcon.colcon_core.package_discovery:discover_packages(recursive) using defaults
[2.093s] Level 1:colcon.colcon_core.package_discovery:discover_packages(ignore) discover
[2.093s] Level 1:colcon.colcon_core.package_discovery:discover_packages(ignore) using defaults
[2.093s] Level 1:colcon.colcon_core.package_discovery:discover_packages(path) discover
[2.093s] Level 1:colcon.colcon_core.package_discovery:discover_packages(path) using defaults
[2.161s] Level 5:colcon.colcon_core.verb:set package 'ee_pose_broadcaster' build argument 'cmake_args' from command line to '['-DCMAKE_BUILD_TYPE=Release']'
[2.161s] Level 5:colcon.colcon_core.verb:set package 'ee_pose_broadcaster' build argument 'cmake_target' from command line to 'None'
[2.161s] Level 5:colcon.colcon_core.verb:set package 'ee_pose_broadcaster' build argument 'cmake_target_skip_unavailable' from command line to 'False'
[2.161s] Level 5:colcon.colcon_core.verb:set package 'ee_pose_broadcaster' build argument 'cmake_clean_cache' from command line to 'False'
[2.161s] Level 5:colcon.colcon_core.verb:set package 'ee_pose_broadcaster' build argument 'cmake_clean_first' from command line to 'False'
[2.161s] Level 5:colcon.colcon_core.verb:set package 'ee_pose_broadcaster' build argument 'cmake_force_configure' from command line to 'False'
[2.161s] Level 5:colcon.colcon_core.verb:set package 'ee_pose_broadcaster' build argument 'ament_cmake_args' from command line to 'None'
[2.161s] Level 5:colcon.colcon_core.verb:set package 'ee_pose_broadcaster' build argument 'catkin_cmake_args' from command line to 'None'
[2.161s] Level 5:colcon.colcon_core.verb:set package 'ee_pose_broadcaster' build argument 'catkin_skip_building_tests' from command line to 'False'
[2.161s] DEBUG:colcon.colcon_core.verb:Building package 'ee_pose_broadcaster' with the following arguments: {'ament_cmake_args': None, 'build_base': '/root/RoboLearn/Demonstrations/ws_forcedimension/build/ee_pose_broadcaster', 'catkin_cmake_args': None, 'catkin_skip_building_tests': False, 'cmake_args': ['-DCMAKE_BUILD_TYPE=Release'], 'cmake_clean_cache': False, 'cmake_clean_first': False, 'cmake_force_configure': False, 'cmake_target': None, 'cmake_target_skip_unavailable': False, 'install_base': '/root/RoboLearn/Demonstrations/ws_forcedimension/install/ee_pose_broadcaster', 'merge_install': False, 'path': '/root/RoboLearn/Demonstrations/ws_forcedimension/src/forcedimension_ros2/fd_controllers/ee_pose_broadcaster', 'symlink_install': True, 'test_result_base': None}
[2.163s] Level 5:colcon.colcon_core.verb:set package 'fd_description' build argument 'cmake_args' from command line to '['-DCMAKE_BUILD_TYPE=Release']'
[2.163s] Level 5:colcon.colcon_core.verb:set package 'fd_description' build argument 'cmake_target' from command line to 'None'
[2.163s] Level 5:colcon.colcon_core.verb:set package 'fd_description' build argument 'cmake_target_skip_unavailable' from command line to 'False'
[2.163s] Level 5:colcon.colcon_core.verb:set package 'fd_description' build argument 'cmake_clean_cache' from command line to 'False'
[2.163s] Level 5:colcon.colcon_core.verb:set package 'fd_description' build argument 'cmake_clean_first' from command line to 'False'
[2.163s] Level 5:colcon.colcon_core.verb:set package 'fd_description' build argument 'cmake_force_configure' from command line to 'False'
[2.163s] Level 5:colcon.colcon_core.verb:set package 'fd_description' build argument 'ament_cmake_args' from command line to 'None'
[2.163s] Level 5:colcon.colcon_core.verb:set package 'fd_description' build argument 'catkin_cmake_args' from command line to 'None'
[2.163s] Level 5:colcon.colcon_core.verb:set package 'fd_description' build argument 'catkin_skip_building_tests' from command line to 'False'
[2.163s] DEBUG:colcon.colcon_core.verb:Building package 'fd_description' with the following arguments: {'ament_cmake_args': None, 'build_base': '/root/RoboLearn/Demonstrations/ws_forcedimension/build/fd_description', 'catkin_cmake_args': None, 'catkin_skip_building_tests': False, 'cmake_args': ['-DCMAKE_BUILD_TYPE=Release'], 'cmake_clean_cache': False, 'cmake_clean_first': False, 'cmake_force_configure': False, 'cmake_target': None, 'cmake_target_skip_unavailable': False, 'install_base': '/root/RoboLearn/Demonstrations/ws_forcedimension/install/fd_description', 'merge_install': False, 'path': '/root/RoboLearn/Demonstrations/ws_forcedimension/src/forcedimension_ros2/fd_description', 'symlink_install': True, 'test_result_base': None}
[2.165s] Level 5:colcon.colcon_core.verb:set package 'fd_hardware' build argument 'cmake_args' from command line to '['-DCMAKE_BUILD_TYPE=Release']'
[2.165s] Level 5:colcon.colcon_core.verb:set package 'fd_hardware' build argument 'cmake_target' from command line to 'None'
[2.165s] Level 5:colcon.colcon_core.verb:set package 'fd_hardware' build argument 'cmake_target_skip_unavailable' from command line to 'False'
[2.165s] Level 5:colcon.colcon_core.verb:set package 'fd_hardware' build argument 'cmake_clean_cache' from command line to 'False'
[2.165s] Level 5:colcon.colcon_core.verb:set package 'fd_hardware' build argument 'cmake_clean_first' from command line to 'False'
[2.165s] Level 5:colcon.colcon_core.verb:set package 'fd_hardware' build argument 'cmake_force_configure' from command line to 'False'
[2.165s] Level 5:colcon.colcon_core.verb:set package 'fd_hardware' build argument 'ament_cmake_args' from command line to 'None'
[2.165s] Level 5:colcon.colcon_core.verb:set package 'fd_hardware' build argument 'catkin_cmake_args' from command line to 'None'
[2.165s] Level 5:colcon.colcon_core.verb:set package 'fd_hardware' build argument 'catkin_skip_building_tests' from command line to 'False'
[2.166s] DEBUG:colcon.colcon_core.verb:Building package 'fd_hardware' with the following arguments: {'ament_cmake_args': None, 'build_base': '/root/RoboLearn/Demonstrations/ws_forcedimension/build/fd_hardware', 'catkin_cmake_args': None, 'catkin_skip_building_tests': False, 'cmake_args': ['-DCMAKE_BUILD_TYPE=Release'], 'cmake_clean_cache': False, 'cmake_clean_first': False, 'cmake_force_configure': False, 'cmake_target': None, 'cmake_target_skip_unavailable': False, 'install_base': '/root/RoboLearn/Demonstrations/ws_forcedimension/install/fd_hardware', 'merge_install': False, 'path': '/root/RoboLearn/Demonstrations/ws_forcedimension/src/forcedimension_ros2/fd_hardware', 'symlink_install': True, 'test_result_base': None}
[2.167s] Level 5:colcon.colcon_core.verb:set package 'tcp_socket' build argument 'cmake_args' from command line to '['-DCMAKE_BUILD_TYPE=Release']'
[2.167s] Level 5:colcon.colcon_core.verb:set package 'tcp_socket' build argument 'cmake_target' from command line to 'None'
[2.167s] Level 5:colcon.colcon_core.verb:set package 'tcp_socket' build argument 'cmake_target_skip_unavailable' from command line to 'False'
[2.167s] Level 5:colcon.colcon_core.verb:set package 'tcp_socket' build argument 'cmake_clean_cache' from command line to 'False'
[2.167s] Level 5:colcon.colcon_core.verb:set package 'tcp_socket' build argument 'cmake_clean_first' from command line to 'False'
[2.167s] Level 5:colcon.colcon_core.verb:set package 'tcp_socket' build argument 'cmake_force_configure' from command line to 'False'
[2.167s] Level 5:colcon.colcon_core.verb:set package 'tcp_socket' build argument 'ament_cmake_args' from command line to 'None'
[2.167s] Level 5:colcon.colcon_core.verb:set package 'tcp_socket' build argument 'catkin_cmake_args' from command line to 'None'
[2.167s] Level 5:colcon.colcon_core.verb:set package 'tcp_socket' build argument 'catkin_skip_building_tests' from command line to 'False'
[2.168s] DEBUG:colcon.colcon_core.verb:Building package 'tcp_socket' with the following arguments: {'ament_cmake_args': None, 'build_base': '/root/RoboLearn/Demonstrations/ws_forcedimension/build/tcp_socket', 'catkin_cmake_args': None, 'catkin_skip_building_tests': False, 'cmake_args': ['-DCMAKE_BUILD_TYPE=Release'], 'cmake_clean_cache': False, 'cmake_clean_first': False, 'cmake_force_configure': False, 'cmake_target': None, 'cmake_target_skip_unavailable': False, 'install_base': '/root/RoboLearn/Demonstrations/ws_forcedimension/install/tcp_socket', 'merge_install': False, 'path': '/root/RoboLearn/Demonstrations/ws_forcedimension/src/tcp_socket', 'symlink_install': True, 'test_result_base': None}
[2.169s] Level 5:colcon.colcon_core.verb:set package 'fd_bringup' build argument 'cmake_args' from command line to '['-DCMAKE_BUILD_TYPE=Release']'
[2.169s] Level 5:colcon.colcon_core.verb:set package 'fd_bringup' build argument 'cmake_target' from command line to 'None'
[2.169s] Level 5:colcon.colcon_core.verb:set package 'fd_bringup' build argument 'cmake_target_skip_unavailable' from command line to 'False'
[2.169s] Level 5:colcon.colcon_core.verb:set package 'fd_bringup' build argument 'cmake_clean_cache' from command line to 'False'
[2.169s] Level 5:colcon.colcon_core.verb:set package 'fd_bringup' build argument 'cmake_clean_first' from command line to 'False'
[2.169s] Level 5:colcon.colcon_core.verb:set package 'fd_bringup' build argument 'cmake_force_configure' from command line to 'False'
[2.169s] Level 5:colcon.colcon_core.verb:set package 'fd_bringup' build argument 'ament_cmake_args' from command line to 'None'
[2.169s] Level 5:colcon.colcon_core.verb:set package 'fd_bringup' build argument 'catkin_cmake_args' from command line to 'None'
[2.170s] Level 5:colcon.colcon_core.verb:set package 'fd_bringup' build argument 'catkin_skip_building_tests' from command line to 'False'
[2.170s] DEBUG:colcon.colcon_core.verb:Building package 'fd_bringup' with the following arguments: {'ament_cmake_args': None, 'build_base': '/root/RoboLearn/Demonstrations/ws_forcedimension/build/fd_bringup', 'catkin_cmake_args': None, 'catkin_skip_building_tests': False, 'cmake_args': ['-DCMAKE_BUILD_TYPE=Release'], 'cmake_clean_cache': False, 'cmake_clean_first': False, 'cmake_force_configure': False, 'cmake_target': None, 'cmake_target_skip_unavailable': False, 'install_base': '/root/RoboLearn/Demonstrations/ws_forcedimension/install/fd_bringup', 'merge_install': False, 'path': '/root/RoboLearn/Demonstrations/ws_forcedimension/src/forcedimension_ros2/fd_bringup', 'symlink_install': True, 'test_result_base': None}
[2.171s] INFO:colcon.colcon_core.executor:Executing jobs using 'parallel' executor
[2.177s] DEBUG:colcon.colcon_parallel_executor.executor.parallel:run_until_complete
[2.178s] INFO:colcon.colcon_ros.task.ament_cmake.build:Building ROS package in '/root/RoboLearn/Demonstrations/ws_forcedimension/src/forcedimension_ros2/fd_description' with build type 'ament_cmake'
[2.178s] INFO:colcon.colcon_cmake.task.cmake.build:Building CMake package in '/root/RoboLearn/Demonstrations/ws_forcedimension/src/forcedimension_ros2/fd_description'
[2.185s] INFO:colcon.colcon_core.plugin_system:Skipping extension 'colcon_core.shell.bat': Not used on non-Windows systems
[2.185s] INFO:colcon.colcon_core.shell:Skip shell extension 'powershell' for command environment: Not usable outside of PowerShell
[2.185s] DEBUG:colcon.colcon_core.shell:Skip shell extension 'dsv' for command environment
[2.196s] INFO:colcon.colcon_ros.task.ament_cmake.build:Building ROS package in '/root/RoboLearn/Demonstrations/ws_forcedimension/src/forcedimension_ros2/fd_hardware' with build type 'ament_cmake'
[2.196s] INFO:colcon.colcon_cmake.task.cmake.build:Building CMake package in '/root/RoboLearn/Demonstrations/ws_forcedimension/src/forcedimension_ros2/fd_hardware'
[2.199s] INFO:colcon.colcon_core.shell:Skip shell extension 'powershell' for command environment: Not usable outside of PowerShell
[2.199s] DEBUG:colcon.colcon_core.shell:Skip shell extension 'dsv' for command environment
[2.207s] INFO:colcon.colcon_ros.task.ament_cmake.build:Building ROS package in '/root/RoboLearn/Demonstrations/ws_forcedimension/src/forcedimension_ros2/fd_controllers/ee_pose_broadcaster' with build type 'ament_cmake'
[2.208s] INFO:colcon.colcon_cmake.task.cmake.build:Building CMake package in '/root/RoboLearn/Demonstrations/ws_forcedimension/src/forcedimension_ros2/fd_controllers/ee_pose_broadcaster'
[2.210s] INFO:colcon.colcon_core.shell:Skip shell extension 'powershell' for command environment: Not usable outside of PowerShell
[2.211s] DEBUG:colcon.colcon_core.shell:Skip shell extension 'dsv' for command environment
[2.219s] INFO:colcon.colcon_ros.task.ament_python.build:Building ROS package in '/root/RoboLearn/Demonstrations/ws_forcedimension/src/tcp_socket' with build type 'ament_python'
[2.220s] Level 1:colcon.colcon_core.shell:create_environment_hook('tcp_socket', 'ament_prefix_path')
[2.223s] INFO:colcon.colcon_core.shell:Creating environment hook '/root/RoboLearn/Demonstrations/ws_forcedimension/install/tcp_socket/share/tcp_socket/hook/ament_prefix_path.ps1'
[2.225s] INFO:colcon.colcon_core.shell:Creating environment descriptor '/root/RoboLearn/Demonstrations/ws_forcedimension/install/tcp_socket/share/tcp_socket/hook/ament_prefix_path.dsv'
[2.226s] INFO:colcon.colcon_core.shell:Creating environment hook '/root/RoboLearn/Demonstrations/ws_forcedimension/install/tcp_socket/share/tcp_socket/hook/ament_prefix_path.sh'
[2.230s] INFO:colcon.colcon_core.shell:Skip shell extension 'powershell' for command environment: Not usable outside of PowerShell
[2.230s] DEBUG:colcon.colcon_core.shell:Skip shell extension 'dsv' for command environment
[2.425s] DEBUG:colcon.colcon_core.event_handler.log_command:Invoking command in '/root/RoboLearn/Demonstrations/ws_forcedimension/build/fd_description': CMAKE_PREFIX_PATH=/opt/ros/galactic /usr/bin/cmake /root/RoboLearn/Demonstrations/ws_forcedimension/src/forcedimension_ros2/fd_description -DCMAKE_BUILD_TYPE=Release -DAMENT_CMAKE_SYMLINK_INSTALL=1 -DCMAKE_INSTALL_PREFIX=/root/RoboLearn/Demonstrations/ws_forcedimension/install/fd_description
[2.495s] DEBUG:colcon.colcon_core.event_handler.log_command:Invoking command in '/root/RoboLearn/Demonstrations/ws_forcedimension/build/fd_hardware': CMAKE_PREFIX_PATH=/opt/ros/galactic /usr/bin/cmake /root/RoboLearn/Demonstrations/ws_forcedimension/src/forcedimension_ros2/fd_hardware -DCMAKE_BUILD_TYPE=Release -DAMENT_CMAKE_SYMLINK_INSTALL=1 -DCMAKE_INSTALL_PREFIX=/root/RoboLearn/Demonstrations/ws_forcedimension/install/fd_hardware
[2.991s] INFO:colcon.colcon_core.task.python.build:Building Python package in '/root/RoboLearn/Demonstrations/ws_forcedimension/src/tcp_socket'
[2.996s] INFO:colcon.colcon_core.shell:Skip shell extension 'powershell' for command environment: Not usable outside of PowerShell
[2.996s] DEBUG:colcon.colcon_core.shell:Skip shell extension 'dsv' for command environment
[3.020s] DEBUG:colcon.colcon_core.event_handler.log_command:Invoking command in '/root/RoboLearn/Demonstrations/ws_forcedimension/build/ee_pose_broadcaster': CMAKE_PREFIX_PATH=/opt/ros/galactic /usr/bin/cmake /root/RoboLearn/Demonstrations/ws_forcedimension/src/forcedimension_ros2/fd_controllers/ee_pose_broadcaster -DCMAKE_BUILD_TYPE=Release -DAMENT_CMAKE_SYMLINK_INSTALL=1 -DCMAKE_INSTALL_PREFIX=/root/RoboLearn/Demonstrations/ws_forcedimension/install/ee_pose_broadcaster
[5.048s] DEBUG:colcon.colcon_core.event_handler.log_command:Invoking command in '/root/RoboLearn/Demonstrations/ws_forcedimension/build/tcp_socket': PYTHONPATH=/root/RoboLearn/Demonstrations/ws_forcedimension/install/tcp_socket/lib/python3.8/site-packages:${PYTHONPATH} /usr/bin/python3 setup.py develop --prefix /root/RoboLearn/Demonstrations/ws_forcedimension/install/tcp_socket --editable --build-directory /root/RoboLearn/Demonstrations/ws_forcedimension/build/tcp_socket/build --no-deps install_data --install-dir /root/RoboLearn/Demonstrations/ws_forcedimension/install/tcp_socket
[6.352s] Level 1:colcon.colcon_core.shell:create_environment_hook('tcp_socket', 'pythonpath_develop')
[6.357s] INFO:colcon.colcon_core.shell:Creating environment hook '/root/RoboLearn/Demonstrations/ws_forcedimension/build/tcp_socket/share/tcp_socket/hook/pythonpath_develop.ps1'
[6.358s] DEBUG:colcon.colcon_core.event_handler.log_command:Invoked command in '/root/RoboLearn/Demonstrations/ws_forcedimension/build/tcp_socket' returned '0': PYTHONPATH=/root/RoboLearn/Demonstrations/ws_forcedimension/install/tcp_socket/lib/python3.8/site-packages:${PYTHONPATH} /usr/bin/python3 setup.py develop --prefix /root/RoboLearn/Demonstrations/ws_forcedimension/install/tcp_socket --editable --build-directory /root/RoboLearn/Demonstrations/ws_forcedimension/build/tcp_socket/build --no-deps install_data --install-dir /root/RoboLearn/Demonstrations/ws_forcedimension/install/tcp_socket
[6.361s] INFO:colcon.colcon_core.shell:Creating environment descriptor '/root/RoboLearn/Demonstrations/ws_forcedimension/build/tcp_socket/share/tcp_socket/hook/pythonpath_develop.dsv'
[6.361s] INFO:colcon.colcon_core.shell:Creating environment hook '/root/RoboLearn/Demonstrations/ws_forcedimension/build/tcp_socket/share/tcp_socket/hook/pythonpath_develop.sh'
[6.377s] Level 1:colcon.colcon_core.environment:checking '/root/RoboLearn/Demonstrations/ws_forcedimension/install/tcp_socket' for CMake module files
[6.378s] Level 1:colcon.colcon_core.environment:checking '/root/RoboLearn/Demonstrations/ws_forcedimension/install/tcp_socket' for CMake config files
[6.380s] Level 1:colcon.colcon_core.environment:checking '/root/RoboLearn/Demonstrations/ws_forcedimension/install/tcp_socket/lib'
[6.380s] Level 1:colcon.colcon_core.environment:checking '/root/RoboLearn/Demonstrations/ws_forcedimension/install/tcp_socket/bin'
[6.380s] Level 1:colcon.colcon_core.environment:checking '/root/RoboLearn/Demonstrations/ws_forcedimension/install/tcp_socket/lib/pkgconfig/tcp_socket.pc'
[6.381s] Level 1:colcon.colcon_core.environment:checking '/root/RoboLearn/Demonstrations/ws_forcedimension/install/tcp_socket/lib/python3.8/site-packages'
[6.381s] Level 1:colcon.colcon_core.shell:create_environment_hook('tcp_socket', 'pythonpath')
[6.385s] INFO:colcon.colcon_core.shell:Creating environment hook '/root/RoboLearn/Demonstrations/ws_forcedimension/install/tcp_socket/share/tcp_socket/hook/pythonpath.ps1'
[6.386s] INFO:colcon.colcon_core.shell:Creating environment descriptor '/root/RoboLearn/Demonstrations/ws_forcedimension/install/tcp_socket/share/tcp_socket/hook/pythonpath.dsv'
[6.387s] INFO:colcon.colcon_core.shell:Creating environment hook '/root/RoboLearn/Demonstrations/ws_forcedimension/install/tcp_socket/share/tcp_socket/hook/pythonpath.sh'
[6.388s] Level 1:colcon.colcon_core.environment:checking '/root/RoboLearn/Demonstrations/ws_forcedimension/install/tcp_socket/bin'
[6.388s] Level 1:colcon.colcon_core.environment:create_environment_scripts_only(tcp_socket)
[6.392s] INFO:colcon.colcon_core.shell:Creating package script '/root/RoboLearn/Demonstrations/ws_forcedimension/install/tcp_socket/share/tcp_socket/package.ps1'
[6.394s] INFO:colcon.colcon_core.shell:Creating package descriptor '/root/RoboLearn/Demonstrations/ws_forcedimension/install/tcp_socket/share/tcp_socket/package.dsv'
[6.395s] INFO:colcon.colcon_core.shell:Creating package script '/root/RoboLearn/Demonstrations/ws_forcedimension/install/tcp_socket/share/tcp_socket/package.sh'
[6.397s] INFO:colcon.colcon_core.shell:Creating package script '/root/RoboLearn/Demonstrations/ws_forcedimension/install/tcp_socket/share/tcp_socket/package.bash'
[6.399s] INFO:colcon.colcon_core.shell:Creating package script '/root/RoboLearn/Demonstrations/ws_forcedimension/install/tcp_socket/share/tcp_socket/package.zsh'
[6.400s] Level 1:colcon.colcon_core.environment:create_file_with_runtime_dependencies(/root/RoboLearn/Demonstrations/ws_forcedimension/install/tcp_socket/share/colcon-core/packages/tcp_socket)
[7.325s] DEBUG:colcon.colcon_core.event_handler.log_command:Invoked command in '/root/RoboLearn/Demonstrations/ws_forcedimension/build/fd_description' returned '0': CMAKE_PREFIX_PATH=/opt/ros/galactic /usr/bin/cmake /root/RoboLearn/Demonstrations/ws_forcedimension/src/forcedimension_ros2/fd_description -DCMAKE_BUILD_TYPE=Release -DAMENT_CMAKE_SYMLINK_INSTALL=1 -DCMAKE_INSTALL_PREFIX=/root/RoboLearn/Demonstrations/ws_forcedimension/install/fd_description
[7.333s] DEBUG:colcon.colcon_core.event_handler.log_command:Invoking command in '/root/RoboLearn/Demonstrations/ws_forcedimension/build/fd_description': CMAKE_PREFIX_PATH=/opt/ros/galactic /usr/bin/cmake --build /root/RoboLearn/Demonstrations/ws_forcedimension/build/fd_description -- -j104 -l104
[7.457s] DEBUG:colcon.colcon_core.event_handler.log_command:Invoked command in '/root/RoboLearn/Demonstrations/ws_forcedimension/build/fd_description' returned '0': CMAKE_PREFIX_PATH=/opt/ros/galactic /usr/bin/cmake --build /root/RoboLearn/Demonstrations/ws_forcedimension/build/fd_description -- -j104 -l104
[7.594s] DEBUG:colcon.colcon_core.event_handler.log_command:Invoking command in '/root/RoboLearn/Demonstrations/ws_forcedimension/build/fd_description': CMAKE_PREFIX_PATH=/opt/ros/galactic /usr/bin/cmake --install /root/RoboLearn/Demonstrations/ws_forcedimension/build/fd_description
[8.126s] Level 1:colcon.colcon_core.environment:create_environment_scripts_only(fd_description)
[8.134s] Level 1:colcon.colcon_core.environment:checking '/root/RoboLearn/Demonstrations/ws_forcedimension/install/fd_description' for CMake module files
[8.135s] DEBUG:colcon.colcon_core.event_handler.log_command:Invoked command in '/root/RoboLearn/Demonstrations/ws_forcedimension/build/fd_description' returned '0': CMAKE_PREFIX_PATH=/opt/ros/galactic /usr/bin/cmake --install /root/RoboLearn/Demonstrations/ws_forcedimension/build/fd_description
[8.136s] Level 1:colcon.colcon_core.environment:checking '/root/RoboLearn/Demonstrations/ws_forcedimension/install/fd_description' for CMake config files
[8.137s] Level 1:colcon.colcon_core.shell:create_environment_hook('fd_description', 'cmake_prefix_path')
[8.141s] INFO:colcon.colcon_core.shell:Creating environment hook '/root/RoboLearn/Demonstrations/ws_forcedimension/install/fd_description/share/fd_description/hook/cmake_prefix_path.ps1'
[8.142s] INFO:colcon.colcon_core.shell:Creating environment descriptor '/root/RoboLearn/Demonstrations/ws_forcedimension/install/fd_description/share/fd_description/hook/cmake_prefix_path.dsv'
[8.143s] INFO:colcon.colcon_core.shell:Creating environment hook '/root/RoboLearn/Demonstrations/ws_forcedimension/install/fd_description/share/fd_description/hook/cmake_prefix_path.sh'
[8.145s] Level 1:colcon.colcon_core.environment:checking '/root/RoboLearn/Demonstrations/ws_forcedimension/install/fd_description/bin'
[8.145s] Level 1:colcon.colcon_core.environment:checking '/root/RoboLearn/Demonstrations/ws_forcedimension/install/fd_description/lib/pkgconfig/fd_description.pc'
[8.146s] Level 1:colcon.colcon_core.environment:checking '/root/RoboLearn/Demonstrations/ws_forcedimension/install/fd_description/lib/python3.8/site-packages'
[8.146s] Level 1:colcon.colcon_core.environment:checking '/root/RoboLearn/Demonstrations/ws_forcedimension/install/fd_description/bin'
[8.151s] INFO:colcon.colcon_core.shell:Creating package script '/root/RoboLearn/Demonstrations/ws_forcedimension/install/fd_description/share/fd_description/package.ps1'
[8.152s] INFO:colcon.colcon_core.shell:Creating package descriptor '/root/RoboLearn/Demonstrations/ws_forcedimension/install/fd_description/share/fd_description/package.dsv'
[8.153s] INFO:colcon.colcon_core.shell:Creating package script '/root/RoboLearn/Demonstrations/ws_forcedimension/install/fd_description/share/fd_description/package.sh'
[8.154s] INFO:colcon.colcon_core.shell:Creating package script '/root/RoboLearn/Demonstrations/ws_forcedimension/install/fd_description/share/fd_description/package.bash'
[8.155s] INFO:colcon.colcon_core.shell:Creating package script '/root/RoboLearn/Demonstrations/ws_forcedimension/install/fd_description/share/fd_description/package.zsh'
[8.156s] Level 1:colcon.colcon_core.environment:create_file_with_runtime_dependencies(/root/RoboLearn/Demonstrations/ws_forcedimension/install/fd_description/share/colcon-core/packages/fd_description)
[8.264s] Level 1:colcon.colcon_core.environment:create_environment_scripts_only(fd_description)
[8.271s] Level 1:colcon.colcon_core.environment:checking '/root/RoboLearn/Demonstrations/ws_forcedimension/install/fd_description' for CMake module files
[8.272s] Level 1:colcon.colcon_core.environment:checking '/root/RoboLearn/Demonstrations/ws_forcedimension/install/fd_description' for CMake config files
[8.273s] Level 1:colcon.colcon_core.shell:create_environment_hook('fd_description', 'cmake_prefix_path')
[8.277s] INFO:colcon.colcon_core.shell:Creating environment hook '/root/RoboLearn/Demonstrations/ws_forcedimension/install/fd_description/share/fd_description/hook/cmake_prefix_path.ps1'
[8.278s] INFO:colcon.colcon_core.shell:Creating environment descriptor '/root/RoboLearn/Demonstrations/ws_forcedimension/install/fd_description/share/fd_description/hook/cmake_prefix_path.dsv'
[8.279s] INFO:colcon.colcon_core.shell:Creating environment hook '/root/RoboLearn/Demonstrations/ws_forcedimension/install/fd_description/share/fd_description/hook/cmake_prefix_path.sh'
[8.280s] Level 1:colcon.colcon_core.environment:checking '/root/RoboLearn/Demonstrations/ws_forcedimension/install/fd_description/bin'
[8.281s] Level 1:colcon.colcon_core.environment:checking '/root/RoboLearn/Demonstrations/ws_forcedimension/install/fd_description/lib/pkgconfig/fd_description.pc'
[8.281s] Level 1:colcon.colcon_core.environment:checking '/root/RoboLearn/Demonstrations/ws_forcedimension/install/fd_description/lib/python3.8/site-packages'
[8.282s] Level 1:colcon.colcon_core.environment:checking '/root/RoboLearn/Demonstrations/ws_forcedimension/install/fd_description/bin'
[8.286s] INFO:colcon.colcon_core.shell:Creating package script '/root/RoboLearn/Demonstrations/ws_forcedimension/install/fd_description/share/fd_description/package.ps1'
[8.287s] INFO:colcon.colcon_core.shell:Creating package descriptor '/root/RoboLearn/Demonstrations/ws_forcedimension/install/fd_description/share/fd_description/package.dsv'
[8.288s] INFO:colcon.colcon_core.shell:Creating package script '/root/RoboLearn/Demonstrations/ws_forcedimension/install/fd_description/share/fd_description/package.sh'
[8.289s] INFO:colcon.colcon_core.shell:Creating package script '/root/RoboLearn/Demonstrations/ws_forcedimension/install/fd_description/share/fd_description/package.bash'
[8.289s] INFO:colcon.colcon_core.shell:Creating package script '/root/RoboLearn/Demonstrations/ws_forcedimension/install/fd_description/share/fd_description/package.zsh'
[8.290s] Level 1:colcon.colcon_core.environment:create_file_with_runtime_dependencies(/root/RoboLearn/Demonstrations/ws_forcedimension/install/fd_description/share/colcon-core/packages/fd_description)
[11.607s] DEBUG:colcon.colcon_core.event_handler.log_command:Invoked command in '/root/RoboLearn/Demonstrations/ws_forcedimension/build/fd_hardware' returned '0': CMAKE_PREFIX_PATH=/opt/ros/galactic /usr/bin/cmake /root/RoboLearn/Demonstrations/ws_forcedimension/src/forcedimension_ros2/fd_hardware -DCMAKE_BUILD_TYPE=Release -DAMENT_CMAKE_SYMLINK_INSTALL=1 -DCMAKE_INSTALL_PREFIX=/root/RoboLearn/Demonstrations/ws_forcedimension/install/fd_hardware
[11.614s] DEBUG:colcon.colcon_core.event_handler.log_command:Invoking command in '/root/RoboLearn/Demonstrations/ws_forcedimension/build/fd_hardware': CMAKE_PREFIX_PATH=/opt/ros/galactic /usr/bin/cmake --build /root/RoboLearn/Demonstrations/ws_forcedimension/build/fd_hardware -- -j104 -l104
[12.038s] DEBUG:colcon.colcon_core.event_handler.log_command:Invoked command in '/root/RoboLearn/Demonstrations/ws_forcedimension/build/ee_pose_broadcaster' returned '0': CMAKE_PREFIX_PATH=/opt/ros/galactic /usr/bin/cmake /root/RoboLearn/Demonstrations/ws_forcedimension/src/forcedimension_ros2/fd_controllers/ee_pose_broadcaster -DCMAKE_BUILD_TYPE=Release -DAMENT_CMAKE_SYMLINK_INSTALL=1 -DCMAKE_INSTALL_PREFIX=/root/RoboLearn/Demonstrations/ws_forcedimension/install/ee_pose_broadcaster
[12.045s] DEBUG:colcon.colcon_core.event_handler.log_command:Invoking command in '/root/RoboLearn/Demonstrations/ws_forcedimension/build/ee_pose_broadcaster': CMAKE_PREFIX_PATH=/opt/ros/galactic /usr/bin/cmake --build /root/RoboLearn/Demonstrations/ws_forcedimension/build/ee_pose_broadcaster -- -j104 -l104
[25.159s] DEBUG:colcon.colcon_core.event_handler.log_command:Invoked command in '/root/RoboLearn/Demonstrations/ws_forcedimension/build/fd_hardware' returned '0': CMAKE_PREFIX_PATH=/opt/ros/galactic /usr/bin/cmake --build /root/RoboLearn/Demonstrations/ws_forcedimension/build/fd_hardware -- -j104 -l104
[25.287s] DEBUG:colcon.colcon_core.event_handler.log_command:Invoking command in '/root/RoboLearn/Demonstrations/ws_forcedimension/build/fd_hardware': CMAKE_PREFIX_PATH=/opt/ros/galactic /usr/bin/cmake --install /root/RoboLearn/Demonstrations/ws_forcedimension/build/fd_hardware
[25.968s] Level 1:colcon.colcon_core.environment:create_environment_scripts_only(fd_hardware)
[25.976s] Level 1:colcon.colcon_core.environment:checking '/root/RoboLearn/Demonstrations/ws_forcedimension/install/fd_hardware' for CMake module files
[25.977s] DEBUG:colcon.colcon_core.event_handler.log_command:Invoked command in '/root/RoboLearn/Demonstrations/ws_forcedimension/build/fd_hardware' returned '0': CMAKE_PREFIX_PATH=/opt/ros/galactic /usr/bin/cmake --install /root/RoboLearn/Demonstrations/ws_forcedimension/build/fd_hardware
[25.978s] Level 1:colcon.colcon_core.environment:checking '/root/RoboLearn/Demonstrations/ws_forcedimension/install/fd_hardware' for CMake config files
[25.979s] Level 1:colcon.colcon_core.shell:create_environment_hook('fd_hardware', 'cmake_prefix_path')
[25.983s] INFO:colcon.colcon_core.shell:Creating environment hook '/root/RoboLearn/Demonstrations/ws_forcedimension/install/fd_hardware/share/fd_hardware/hook/cmake_prefix_path.ps1'
[25.985s] INFO:colcon.colcon_core.shell:Creating environment descriptor '/root/RoboLearn/Demonstrations/ws_forcedimension/install/fd_hardware/share/fd_hardware/hook/cmake_prefix_path.dsv'
[25.986s] INFO:colcon.colcon_core.shell:Creating environment hook '/root/RoboLearn/Demonstrations/ws_forcedimension/install/fd_hardware/share/fd_hardware/hook/cmake_prefix_path.sh'
[25.987s] Level 1:colcon.colcon_core.environment:checking '/root/RoboLearn/Demonstrations/ws_forcedimension/install/fd_hardware/lib'
[25.987s] Level 1:colcon.colcon_core.shell:create_environment_hook('fd_hardware', 'ld_library_path_lib')
[25.991s] INFO:colcon.colcon_core.shell:Creating environment hook '/root/RoboLearn/Demonstrations/ws_forcedimension/install/fd_hardware/share/fd_hardware/hook/ld_library_path_lib.ps1'
[25.992s] INFO:colcon.colcon_core.shell:Creating environment descriptor '/root/RoboLearn/Demonstrations/ws_forcedimension/install/fd_hardware/share/fd_hardware/hook/ld_library_path_lib.dsv'
[25.993s] INFO:colcon.colcon_core.shell:Creating environment hook '/root/RoboLearn/Demonstrations/ws_forcedimension/install/fd_hardware/share/fd_hardware/hook/ld_library_path_lib.sh'
[25.994s] Level 1:colcon.colcon_core.environment:checking '/root/RoboLearn/Demonstrations/ws_forcedimension/install/fd_hardware/bin'
[25.994s] Level 1:colcon.colcon_core.environment:checking '/root/RoboLearn/Demonstrations/ws_forcedimension/install/fd_hardware/lib/pkgconfig/fd_hardware.pc'
[25.994s] Level 1:colcon.colcon_core.environment:checking '/root/RoboLearn/Demonstrations/ws_forcedimension/install/fd_hardware/lib/python3.8/site-packages'
[25.995s] Level 1:colcon.colcon_core.environment:checking '/root/RoboLearn/Demonstrations/ws_forcedimension/install/fd_hardware/bin'
[25.999s] INFO:colcon.colcon_core.shell:Creating package script '/root/RoboLearn/Demonstrations/ws_forcedimension/install/fd_hardware/share/fd_hardware/package.ps1'
[26.000s] INFO:colcon.colcon_core.shell:Creating package descriptor '/root/RoboLearn/Demonstrations/ws_forcedimension/install/fd_hardware/share/fd_hardware/package.dsv'
[26.002s] INFO:colcon.colcon_core.shell:Creating package script '/root/RoboLearn/Demonstrations/ws_forcedimension/install/fd_hardware/share/fd_hardware/package.sh'
[26.003s] INFO:colcon.colcon_core.shell:Creating package script '/root/RoboLearn/Demonstrations/ws_forcedimension/install/fd_hardware/share/fd_hardware/package.bash'
[26.003s] INFO:colcon.colcon_core.shell:Creating package script '/root/RoboLearn/Demonstrations/ws_forcedimension/install/fd_hardware/share/fd_hardware/package.zsh'
[26.004s] Level 1:colcon.colcon_core.environment:create_file_with_runtime_dependencies(/root/RoboLearn/Demonstrations/ws_forcedimension/install/fd_hardware/share/colcon-core/packages/fd_hardware)
[26.134s] Level 1:colcon.colcon_core.environment:create_environment_scripts_only(fd_hardware)
[26.141s] Level 1:colcon.colcon_core.environment:checking '/root/RoboLearn/Demonstrations/ws_forcedimension/install/fd_hardware' for CMake module files
[26.143s] Level 1:colcon.colcon_core.environment:checking '/root/RoboLearn/Demonstrations/ws_forcedimension/install/fd_hardware' for CMake config files
[26.143s] Level 1:colcon.colcon_core.shell:create_environment_hook('fd_hardware', 'cmake_prefix_path')
[26.147s] INFO:colcon.colcon_core.shell:Creating environment hook '/root/RoboLearn/Demonstrations/ws_forcedimension/install/fd_hardware/share/fd_hardware/hook/cmake_prefix_path.ps1'
[26.148s] INFO:colcon.colcon_core.shell:Creating environment descriptor '/root/RoboLearn/Demonstrations/ws_forcedimension/install/fd_hardware/share/fd_hardware/hook/cmake_prefix_path.dsv'
[26.149s] INFO:colcon.colcon_core.shell:Creating environment hook '/root/RoboLearn/Demonstrations/ws_forcedimension/install/fd_hardware/share/fd_hardware/hook/cmake_prefix_path.sh'
[26.151s] Level 1:colcon.colcon_core.environment:checking '/root/RoboLearn/Demonstrations/ws_forcedimension/install/fd_hardware/lib'
[26.151s] Level 1:colcon.colcon_core.shell:create_environment_hook('fd_hardware', 'ld_library_path_lib')
[26.154s] INFO:colcon.colcon_core.shell:Creating environment hook '/root/RoboLearn/Demonstrations/ws_forcedimension/install/fd_hardware/share/fd_hardware/hook/ld_library_path_lib.ps1'
[26.155s] INFO:colcon.colcon_core.shell:Creating environment descriptor '/root/RoboLearn/Demonstrations/ws_forcedimension/install/fd_hardware/share/fd_hardware/hook/ld_library_path_lib.dsv'
[26.156s] INFO:colcon.colcon_core.shell:Creating environment hook '/root/RoboLearn/Demonstrations/ws_forcedimension/install/fd_hardware/share/fd_hardware/hook/ld_library_path_lib.sh'
[26.157s] Level 1:colcon.colcon_core.environment:checking '/root/RoboLearn/Demonstrations/ws_forcedimension/install/fd_hardware/bin'
[26.157s] Level 1:colcon.colcon_core.environment:checking '/root/RoboLearn/Demonstrations/ws_forcedimension/install/fd_hardware/lib/pkgconfig/fd_hardware.pc'
[26.158s] Level 1:colcon.colcon_core.environment:checking '/root/RoboLearn/Demonstrations/ws_forcedimension/install/fd_hardware/lib/python3.8/site-packages'
[26.158s] Level 1:colcon.colcon_core.environment:checking '/root/RoboLearn/Demonstrations/ws_forcedimension/install/fd_hardware/bin'
[26.162s] INFO:colcon.colcon_core.shell:Creating package script '/root/RoboLearn/Demonstrations/ws_forcedimension/install/fd_hardware/share/fd_hardware/package.ps1'
[26.163s] INFO:colcon.colcon_core.shell:Creating package descriptor '/root/RoboLearn/Demonstrations/ws_forcedimension/install/fd_hardware/share/fd_hardware/package.dsv'
[26.164s] INFO:colcon.colcon_core.shell:Creating package script '/root/RoboLearn/Demonstrations/ws_forcedimension/install/fd_hardware/share/fd_hardware/package.sh'
[26.165s] INFO:colcon.colcon_core.shell:Creating package script '/root/RoboLearn/Demonstrations/ws_forcedimension/install/fd_hardware/share/fd_hardware/package.bash'
[26.166s] INFO:colcon.colcon_core.shell:Creating package script '/root/RoboLearn/Demonstrations/ws_forcedimension/install/fd_hardware/share/fd_hardware/package.zsh'
[26.167s] Level 1:colcon.colcon_core.environment:create_file_with_runtime_dependencies(/root/RoboLearn/Demonstrations/ws_forcedimension/install/fd_hardware/share/colcon-core/packages/fd_hardware)
[26.168s] INFO:colcon.colcon_ros.task.ament_cmake.build:Building ROS package in '/root/RoboLearn/Demonstrations/ws_forcedimension/src/forcedimension_ros2/fd_bringup' with build type 'ament_cmake'
[26.168s] INFO:colcon.colcon_cmake.task.cmake.build:Building CMake package in '/root/RoboLearn/Demonstrations/ws_forcedimension/src/forcedimension_ros2/fd_bringup'
[26.171s] INFO:colcon.colcon_core.shell:Skip shell extension 'powershell' for command environment: Not usable outside of PowerShell
[26.172s] DEBUG:colcon.colcon_core.shell:Skip shell extension 'dsv' for command environment
[26.219s] DEBUG:colcon.colcon_core.event_handler.log_command:Invoking command in '/root/RoboLearn/Demonstrations/ws_forcedimension/build/fd_bringup': AMENT_PREFIX_PATH=/root/RoboLearn/Demonstrations/ws_forcedimension/install/fd_hardware:/root/RoboLearn/Demonstrations/ws_forcedimension/install/fd_description:${AMENT_PREFIX_PATH} CMAKE_PREFIX_PATH=/root/RoboLearn/Demonstrations/ws_forcedimension/install/fd_hardware:/root/RoboLearn/Demonstrations/ws_forcedimension/install/fd_description:/opt/ros/galactic LD_LIBRARY_PATH=/root/RoboLearn/Demonstrations/ws_forcedimension/install/fd_hardware/lib:${LD_LIBRARY_PATH} /usr/bin/cmake /root/RoboLearn/Demonstrations/ws_forcedimension/src/forcedimension_ros2/fd_bringup -DCMAKE_BUILD_TYPE=Release -DAMENT_CMAKE_SYMLINK_INSTALL=1 -DCMAKE_INSTALL_PREFIX=/root/RoboLearn/Demonstrations/ws_forcedimension/install/fd_bringup
[26.325s] DEBUG:colcon.colcon_core.event_handler.log_command:Invoked command in '/root/RoboLearn/Demonstrations/ws_forcedimension/build/ee_pose_broadcaster' returned '0': CMAKE_PREFIX_PATH=/opt/ros/galactic /usr/bin/cmake --build /root/RoboLearn/Demonstrations/ws_forcedimension/build/ee_pose_broadcaster -- -j104 -l104
[26.457s] DEBUG:colcon.colcon_core.event_handler.log_command:Invoking command in '/root/RoboLearn/Demonstrations/ws_forcedimension/build/ee_pose_broadcaster': CMAKE_PREFIX_PATH=/opt/ros/galactic /usr/bin/cmake --install /root/RoboLearn/Demonstrations/ws_forcedimension/build/ee_pose_broadcaster
[27.136s] Level 1:colcon.colcon_core.environment:create_environment_scripts_only(ee_pose_broadcaster)
[27.144s] Level 1:colcon.colcon_core.environment:checking '/root/RoboLearn/Demonstrations/ws_forcedimension/install/ee_pose_broadcaster' for CMake module files
[27.145s] DEBUG:colcon.colcon_core.event_handler.log_command:Invoked command in '/root/RoboLearn/Demonstrations/ws_forcedimension/build/ee_pose_broadcaster' returned '0': CMAKE_PREFIX_PATH=/opt/ros/galactic /usr/bin/cmake --install /root/RoboLearn/Demonstrations/ws_forcedimension/build/ee_pose_broadcaster
[27.146s] Level 1:colcon.colcon_core.environment:checking '/root/RoboLearn/Demonstrations/ws_forcedimension/install/ee_pose_broadcaster' for CMake config files
[27.147s] Level 1:colcon.colcon_core.shell:create_environment_hook('ee_pose_broadcaster', 'cmake_prefix_path')
[27.151s] INFO:colcon.colcon_core.shell:Creating environment hook '/root/RoboLearn/Demonstrations/ws_forcedimension/install/ee_pose_broadcaster/share/ee_pose_broadcaster/hook/cmake_prefix_path.ps1'
[27.153s] INFO:colcon.colcon_core.shell:Creating environment descriptor '/root/RoboLearn/Demonstrations/ws_forcedimension/install/ee_pose_broadcaster/share/ee_pose_broadcaster/hook/cmake_prefix_path.dsv'
[27.154s] INFO:colcon.colcon_core.shell:Creating environment hook '/root/RoboLearn/Demonstrations/ws_forcedimension/install/ee_pose_broadcaster/share/ee_pose_broadcaster/hook/cmake_prefix_path.sh'
[27.155s] Level 1:colcon.colcon_core.environment:checking '/root/RoboLearn/Demonstrations/ws_forcedimension/install/ee_pose_broadcaster/lib'
[27.155s] Level 1:colcon.colcon_core.shell:create_environment_hook('ee_pose_broadcaster', 'ld_library_path_lib')
[27.159s] INFO:colcon.colcon_core.shell:Creating environment hook '/root/RoboLearn/Demonstrations/ws_forcedimension/install/ee_pose_broadcaster/share/ee_pose_broadcaster/hook/ld_library_path_lib.ps1'
[27.160s] INFO:colcon.colcon_core.shell:Creating environment descriptor '/root/RoboLearn/Demonstrations/ws_forcedimension/install/ee_pose_broadcaster/share/ee_pose_broadcaster/hook/ld_library_path_lib.dsv'
[27.162s] INFO:colcon.colcon_core.shell:Creating environment hook '/root/RoboLearn/Demonstrations/ws_forcedimension/install/ee_pose_broadcaster/share/ee_pose_broadcaster/hook/ld_library_path_lib.sh'
[27.163s] Level 1:colcon.colcon_core.environment:checking '/root/RoboLearn/Demonstrations/ws_forcedimension/install/ee_pose_broadcaster/bin'
[27.163s] Level 1:colcon.colcon_core.environment:checking '/root/RoboLearn/Demonstrations/ws_forcedimension/install/ee_pose_broadcaster/lib/pkgconfig/ee_pose_broadcaster.pc'
[27.164s] Level 1:colcon.colcon_core.environment:checking '/root/RoboLearn/Demonstrations/ws_forcedimension/install/ee_pose_broadcaster/lib/python3.8/site-packages'
[27.164s] Level 1:colcon.colcon_core.environment:checking '/root/RoboLearn/Demonstrations/ws_forcedimension/install/ee_pose_broadcaster/bin'
[27.168s] INFO:colcon.colcon_core.shell:Creating package script '/root/RoboLearn/Demonstrations/ws_forcedimension/install/ee_pose_broadcaster/share/ee_pose_broadcaster/package.ps1'
[27.169s] INFO:colcon.colcon_core.shell:Creating package descriptor '/root/RoboLearn/Demonstrations/ws_forcedimension/install/ee_pose_broadcaster/share/ee_pose_broadcaster/package.dsv'
[27.170s] INFO:colcon.colcon_core.shell:Creating package script '/root/RoboLearn/Demonstrations/ws_forcedimension/install/ee_pose_broadcaster/share/ee_pose_broadcaster/package.sh'
[27.171s] INFO:colcon.colcon_core.shell:Creating package script '/root/RoboLearn/Demonstrations/ws_forcedimension/install/ee_pose_broadcaster/share/ee_pose_broadcaster/package.bash'
[27.172s] INFO:colcon.colcon_core.shell:Creating package script '/root/RoboLearn/Demonstrations/ws_forcedimension/install/ee_pose_broadcaster/share/ee_pose_broadcaster/package.zsh'
[27.173s] Level 1:colcon.colcon_core.environment:create_file_with_runtime_dependencies(/root/RoboLearn/Demonstrations/ws_forcedimension/install/ee_pose_broadcaster/share/colcon-core/packages/ee_pose_broadcaster)
[27.302s] Level 1:colcon.colcon_core.environment:create_environment_scripts_only(ee_pose_broadcaster)
[27.308s] Level 1:colcon.colcon_core.environment:checking '/root/RoboLearn/Demonstrations/ws_forcedimension/install/ee_pose_broadcaster' for CMake module files
[27.309s] Level 1:colcon.colcon_core.environment:checking '/root/RoboLearn/Demonstrations/ws_forcedimension/install/ee_pose_broadcaster' for CMake config files
[27.310s] Level 1:colcon.colcon_core.shell:create_environment_hook('ee_pose_broadcaster', 'cmake_prefix_path')
[27.314s] INFO:colcon.colcon_core.shell:Creating environment hook '/root/RoboLearn/Demonstrations/ws_forcedimension/install/ee_pose_broadcaster/share/ee_pose_broadcaster/hook/cmake_prefix_path.ps1'
[27.315s] INFO:colcon.colcon_core.shell:Creating environment descriptor '/root/RoboLearn/Demonstrations/ws_forcedimension/install/ee_pose_broadcaster/share/ee_pose_broadcaster/hook/cmake_prefix_path.dsv'
[27.316s] INFO:colcon.colcon_core.shell:Creating environment hook '/root/RoboLearn/Demonstrations/ws_forcedimension/install/ee_pose_broadcaster/share/ee_pose_broadcaster/hook/cmake_prefix_path.sh'
[27.317s] Level 1:colcon.colcon_core.environment:checking '/root/RoboLearn/Demonstrations/ws_forcedimension/install/ee_pose_broadcaster/lib'
[27.318s] Level 1:colcon.colcon_core.shell:create_environment_hook('ee_pose_broadcaster', 'ld_library_path_lib')
[27.321s] INFO:colcon.colcon_core.shell:Creating environment hook '/root/RoboLearn/Demonstrations/ws_forcedimension/install/ee_pose_broadcaster/share/ee_pose_broadcaster/hook/ld_library_path_lib.ps1'
[27.322s] INFO:colcon.colcon_core.shell:Creating environment descriptor '/root/RoboLearn/Demonstrations/ws_forcedimension/install/ee_pose_broadcaster/share/ee_pose_broadcaster/hook/ld_library_path_lib.dsv'
[27.323s] INFO:colcon.colcon_core.shell:Creating environment hook '/root/RoboLearn/Demonstrations/ws_forcedimension/install/ee_pose_broadcaster/share/ee_pose_broadcaster/hook/ld_library_path_lib.sh'
[27.323s] Level 1:colcon.colcon_core.environment:checking '/root/RoboLearn/Demonstrations/ws_forcedimension/install/ee_pose_broadcaster/bin'
[27.324s] Level 1:colcon.colcon_core.environment:checking '/root/RoboLearn/Demonstrations/ws_forcedimension/install/ee_pose_broadcaster/lib/pkgconfig/ee_pose_broadcaster.pc'
[27.324s] Level 1:colcon.colcon_core.environment:checking '/root/RoboLearn/Demonstrations/ws_forcedimension/install/ee_pose_broadcaster/lib/python3.8/site-packages'
[27.325s] Level 1:colcon.colcon_core.environment:checking '/root/RoboLearn/Demonstrations/ws_forcedimension/install/ee_pose_broadcaster/bin'
[27.328s] INFO:colcon.colcon_core.shell:Creating package script '/root/RoboLearn/Demonstrations/ws_forcedimension/install/ee_pose_broadcaster/share/ee_pose_broadcaster/package.ps1'
[27.330s] INFO:colcon.colcon_core.shell:Creating package descriptor '/root/RoboLearn/Demonstrations/ws_forcedimension/install/ee_pose_broadcaster/share/ee_pose_broadcaster/package.dsv'
[27.331s] INFO:colcon.colcon_core.shell:Creating package script '/root/RoboLearn/Demonstrations/ws_forcedimension/install/ee_pose_broadcaster/share/ee_pose_broadcaster/package.sh'
[27.331s] INFO:colcon.colcon_core.shell:Creating package script '/root/RoboLearn/Demonstrations/ws_forcedimension/install/ee_pose_broadcaster/share/ee_pose_broadcaster/package.bash'
[27.332s] INFO:colcon.colcon_core.shell:Creating package script '/root/RoboLearn/Demonstrations/ws_forcedimension/install/ee_pose_broadcaster/share/ee_pose_broadcaster/package.zsh'
[27.333s] Level 1:colcon.colcon_core.environment:create_file_with_runtime_dependencies(/root/RoboLearn/Demonstrations/ws_forcedimension/install/ee_pose_broadcaster/share/colcon-core/packages/ee_pose_broadcaster)
[29.795s] DEBUG:colcon.colcon_core.event_handler.log_command:Invoked command in '/root/RoboLearn/Demonstrations/ws_forcedimension/build/fd_bringup' returned '0': AMENT_PREFIX_PATH=/root/RoboLearn/Demonstrations/ws_forcedimension/install/fd_hardware:/root/RoboLearn/Demonstrations/ws_forcedimension/install/fd_description:${AMENT_PREFIX_PATH} CMAKE_PREFIX_PATH=/root/RoboLearn/Demonstrations/ws_forcedimension/install/fd_hardware:/root/RoboLearn/Demonstrations/ws_forcedimension/install/fd_description:/opt/ros/galactic LD_LIBRARY_PATH=/root/RoboLearn/Demonstrations/ws_forcedimension/install/fd_hardware/lib:${LD_LIBRARY_PATH} /usr/bin/cmake /root/RoboLearn/Demonstrations/ws_forcedimension/src/forcedimension_ros2/fd_bringup -DCMAKE_BUILD_TYPE=Release -DAMENT_CMAKE_SYMLINK_INSTALL=1 -DCMAKE_INSTALL_PREFIX=/root/RoboLearn/Demonstrations/ws_forcedimension/install/fd_bringup
[29.803s] DEBUG:colcon.colcon_core.event_handler.log_command:Invoking command in '/root/RoboLearn/Demonstrations/ws_forcedimension/build/fd_bringup': AMENT_PREFIX_PATH=/root/RoboLearn/Demonstrations/ws_forcedimension/install/fd_hardware:/root/RoboLearn/Demonstrations/ws_forcedimension/install/fd_description:${AMENT_PREFIX_PATH} CMAKE_PREFIX_PATH=/root/RoboLearn/Demonstrations/ws_forcedimension/install/fd_hardware:/root/RoboLearn/Demonstrations/ws_forcedimension/install/fd_description:/opt/ros/galactic LD_LIBRARY_PATH=/root/RoboLearn/Demonstrations/ws_forcedimension/install/fd_hardware/lib:${LD_LIBRARY_PATH} /usr/bin/cmake --build /root/RoboLearn/Demonstrations/ws_forcedimension/build/fd_bringup -- -j104 -l104
[29.931s] DEBUG:colcon.colcon_core.event_handler.log_command:Invoked command in '/root/RoboLearn/Demonstrations/ws_forcedimension/build/fd_bringup' returned '0': AMENT_PREFIX_PATH=/root/RoboLearn/Demonstrations/ws_forcedimension/install/fd_hardware:/root/RoboLearn/Demonstrations/ws_forcedimension/install/fd_description:${AMENT_PREFIX_PATH} CMAKE_PREFIX_PATH=/root/RoboLearn/Demonstrations/ws_forcedimension/install/fd_hardware:/root/RoboLearn/Demonstrations/ws_forcedimension/install/fd_description:/opt/ros/galactic LD_LIBRARY_PATH=/root/RoboLearn/Demonstrations/ws_forcedimension/install/fd_hardware/lib:${LD_LIBRARY_PATH} /usr/bin/cmake --build /root/RoboLearn/Demonstrations/ws_forcedimension/build/fd_bringup -- -j104 -l104
[30.041s] DEBUG:colcon.colcon_core.event_handler.log_command:Invoking command in '/root/RoboLearn/Demonstrations/ws_forcedimension/build/fd_bringup': AMENT_PREFIX_PATH=/root/RoboLearn/Demonstrations/ws_forcedimension/install/fd_hardware:/root/RoboLearn/Demonstrations/ws_forcedimension/install/fd_description:${AMENT_PREFIX_PATH} CMAKE_PREFIX_PATH=/root/RoboLearn/Demonstrations/ws_forcedimension/install/fd_hardware:/root/RoboLearn/Demonstrations/ws_forcedimension/install/fd_description:/opt/ros/galactic LD_LIBRARY_PATH=/root/RoboLearn/Demonstrations/ws_forcedimension/install/fd_hardware/lib:${LD_LIBRARY_PATH} /usr/bin/cmake --install /root/RoboLearn/Demonstrations/ws_forcedimension/build/fd_bringup
[30.496s] Level 1:colcon.colcon_core.environment:create_environment_scripts_only(fd_bringup)
[30.503s] DEBUG:colcon.colcon_core.event_handler.log_command:Invoked command in '/root/RoboLearn/Demonstrations/ws_forcedimension/build/fd_bringup' returned '0': AMENT_PREFIX_PATH=/root/RoboLearn/Demonstrations/ws_forcedimension/install/fd_hardware:/root/RoboLearn/Demonstrations/ws_forcedimension/install/fd_description:${AMENT_PREFIX_PATH} CMAKE_PREFIX_PATH=/root/RoboLearn/Demonstrations/ws_forcedimension/install/fd_hardware:/root/RoboLearn/Demonstrations/ws_forcedimension/install/fd_description:/opt/ros/galactic LD_LIBRARY_PATH=/root/RoboLearn/Demonstrations/ws_forcedimension/install/fd_hardware/lib:${LD_LIBRARY_PATH} /usr/bin/cmake --install /root/RoboLearn/Demonstrations/ws_forcedimension/build/fd_bringup
[30.505s] Level 1:colcon.colcon_core.environment:checking '/root/RoboLearn/Demonstrations/ws_forcedimension/install/fd_bringup' for CMake module files
[30.506s] Level 1:colcon.colcon_core.environment:checking '/root/RoboLearn/Demonstrations/ws_forcedimension/install/fd_bringup' for CMake config files
[30.507s] Level 1:colcon.colcon_core.shell:create_environment_hook('fd_bringup', 'cmake_prefix_path')
[30.511s] INFO:colcon.colcon_core.shell:Creating environment hook '/root/RoboLearn/Demonstrations/ws_forcedimension/install/fd_bringup/share/fd_bringup/hook/cmake_prefix_path.ps1'
[30.513s] INFO:colcon.colcon_core.shell:Creating environment descriptor '/root/RoboLearn/Demonstrations/ws_forcedimension/install/fd_bringup/share/fd_bringup/hook/cmake_prefix_path.dsv'
[30.513s] INFO:colcon.colcon_core.shell:Creating environment hook '/root/RoboLearn/Demonstrations/ws_forcedimension/install/fd_bringup/share/fd_bringup/hook/cmake_prefix_path.sh'
[30.515s] Level 1:colcon.colcon_core.environment:checking '/root/RoboLearn/Demonstrations/ws_forcedimension/install/fd_bringup/bin'
[30.515s] Level 1:colcon.colcon_core.environment:checking '/root/RoboLearn/Demonstrations/ws_forcedimension/install/fd_bringup/lib/pkgconfig/fd_bringup.pc'
[30.516s] Level 1:colcon.colcon_core.environment:checking '/root/RoboLearn/Demonstrations/ws_forcedimension/install/fd_bringup/lib/python3.8/site-packages'
[30.516s] Level 1:colcon.colcon_core.environment:checking '/root/RoboLearn/Demonstrations/ws_forcedimension/install/fd_bringup/bin'
[30.521s] INFO:colcon.colcon_core.shell:Creating package script '/root/RoboLearn/Demonstrations/ws_forcedimension/install/fd_bringup/share/fd_bringup/package.ps1'
[30.522s] INFO:colcon.colcon_core.shell:Creating package descriptor '/root/RoboLearn/Demonstrations/ws_forcedimension/install/fd_bringup/share/fd_bringup/package.dsv'
[30.523s] INFO:colcon.colcon_core.shell:Creating package script '/root/RoboLearn/Demonstrations/ws_forcedimension/install/fd_bringup/share/fd_bringup/package.sh'
[30.524s] INFO:colcon.colcon_core.shell:Creating package script '/root/RoboLearn/Demonstrations/ws_forcedimension/install/fd_bringup/share/fd_bringup/package.bash'
[30.525s] INFO:colcon.colcon_core.shell:Creating package script '/root/RoboLearn/Demonstrations/ws_forcedimension/install/fd_bringup/share/fd_bringup/package.zsh'
[30.525s] Level 1:colcon.colcon_core.environment:create_file_with_runtime_dependencies(/root/RoboLearn/Demonstrations/ws_forcedimension/install/fd_bringup/share/colcon-core/packages/fd_bringup)
[30.634s] Level 1:colcon.colcon_core.environment:create_environment_scripts_only(fd_bringup)
[30.640s] Level 1:colcon.colcon_core.environment:checking '/root/RoboLearn/Demonstrations/ws_forcedimension/install/fd_bringup' for CMake module files
[30.641s] Level 1:colcon.colcon_core.environment:checking '/root/RoboLearn/Demonstrations/ws_forcedimension/install/fd_bringup' for CMake config files
[30.642s] Level 1:colcon.colcon_core.shell:create_environment_hook('fd_bringup', 'cmake_prefix_path')
[30.646s] INFO:colcon.colcon_core.shell:Creating environment hook '/root/RoboLearn/Demonstrations/ws_forcedimension/install/fd_bringup/share/fd_bringup/hook/cmake_prefix_path.ps1'
[30.671s] INFO:colcon.colcon_core.shell:Creating environment descriptor '/root/RoboLearn/Demonstrations/ws_forcedimension/install/fd_bringup/share/fd_bringup/hook/cmake_prefix_path.dsv'
[30.682s] INFO:colcon.colcon_core.shell:Creating environment hook '/root/RoboLearn/Demonstrations/ws_forcedimension/install/fd_bringup/share/fd_bringup/hook/cmake_prefix_path.sh'
[30.694s] Level 1:colcon.colcon_core.environment:checking '/root/RoboLearn/Demonstrations/ws_forcedimension/install/fd_bringup/bin'
[30.694s] Level 1:colcon.colcon_core.environment:checking '/root/RoboLearn/Demonstrations/ws_forcedimension/install/fd_bringup/lib/pkgconfig/fd_bringup.pc'
[30.695s] Level 1:colcon.colcon_core.environment:checking '/root/RoboLearn/Demonstrations/ws_forcedimension/install/fd_bringup/lib/python3.8/site-packages'
[30.695s] Level 1:colcon.colcon_core.environment:checking '/root/RoboLearn/Demonstrations/ws_forcedimension/install/fd_bringup/bin'
[30.700s] INFO:colcon.colcon_core.shell:Creating package script '/root/RoboLearn/Demonstrations/ws_forcedimension/install/fd_bringup/share/fd_bringup/package.ps1'
[30.710s] INFO:colcon.colcon_core.shell:Creating package descriptor '/root/RoboLearn/Demonstrations/ws_forcedimension/install/fd_bringup/share/fd_bringup/package.dsv'
[30.720s] INFO:colcon.colcon_core.shell:Creating package script '/root/RoboLearn/Demonstrations/ws_forcedimension/install/fd_bringup/share/fd_bringup/package.sh'
[30.757s] INFO:colcon.colcon_core.shell:Creating package script '/root/RoboLearn/Demonstrations/ws_forcedimension/install/fd_bringup/share/fd_bringup/package.bash'
[30.787s] INFO:colcon.colcon_core.shell:Creating package script '/root/RoboLearn/Demonstrations/ws_forcedimension/install/fd_bringup/share/fd_bringup/package.zsh'
[30.795s] Level 1:colcon.colcon_core.environment:create_file_with_runtime_dependencies(/root/RoboLearn/Demonstrations/ws_forcedimension/install/fd_bringup/share/colcon-core/packages/fd_bringup)
[30.817s] DEBUG:colcon.colcon_parallel_executor.executor.parallel:closing loop
[30.818s] DEBUG:colcon.colcon_parallel_executor.executor.parallel:loop closed
[30.818s] DEBUG:colcon.colcon_parallel_executor.executor.parallel:run_until_complete finished with '0'
[30.818s] DEBUG:colcon.colcon_core.event_reactor:joining thread
[31.342s] INFO:colcon.colcon_core.plugin_system:Skipping extension 'colcon_notification.desktop_notification.notify_send': Could not find 'notify-send'
[31.343s] INFO:colcon.colcon_core.plugin_system:Skipping extension 'colcon_notification.desktop_notification.terminal_notifier': Not used on non-Darwin systems
[31.343s] INFO:colcon.colcon_core.plugin_system:Skipping extension 'colcon_notification.desktop_notification.win32': Not used on non-Windows systems
[31.343s] INFO:colcon.colcon_notification.desktop_notification:Sending desktop notification using 'notify2'
[31.348s] DEBUG:colcon.colcon_notification.desktop_notification.notify2:Failed to initialize notify2: org.freedesktop.DBus.Error.Spawn.ExecFailed: /usr/bin/dbus-launch terminated abnormally without any error message
[31.349s] DEBUG:colcon.colcon_core.event_reactor:joined thread
[31.354s] INFO:colcon.colcon_core.shell:Creating prefix script '/root/RoboLearn/Demonstrations/ws_forcedimension/install/local_setup.ps1'
[31.357s] INFO:colcon.colcon_core.shell:Creating prefix util module '/root/RoboLearn/Demonstrations/ws_forcedimension/install/_local_setup_util_ps1.py'
[31.361s] INFO:colcon.colcon_core.shell:Creating prefix chain script '/root/RoboLearn/Demonstrations/ws_forcedimension/install/setup.ps1'
[31.365s] INFO:colcon.colcon_core.shell:Creating prefix script '/root/RoboLearn/Demonstrations/ws_forcedimension/install/local_setup.sh'
[31.366s] INFO:colcon.colcon_core.shell:Creating prefix util module '/root/RoboLearn/Demonstrations/ws_forcedimension/install/_local_setup_util_sh.py'
[31.367s] INFO:colcon.colcon_core.shell:Creating prefix chain script '/root/RoboLearn/Demonstrations/ws_forcedimension/install/setup.sh'
[31.371s] INFO:colcon.colcon_core.shell:Creating prefix script '/root/RoboLearn/Demonstrations/ws_forcedimension/install/local_setup.bash'
[31.372s] INFO:colcon.colcon_core.shell:Creating prefix chain script '/root/RoboLearn/Demonstrations/ws_forcedimension/install/setup.bash'
[31.377s] INFO:colcon.colcon_core.shell:Creating prefix script '/root/RoboLearn/Demonstrations/ws_forcedimension/install/local_setup.zsh'
[31.378s] INFO:colcon.colcon_core.shell:Creating prefix chain script '/root/RoboLearn/Demonstrations/ws_forcedimension/install/setup.zsh'
