-- The C compiler identification is GNU 9.4.0
-- The CXX compiler identification is GNU 9.4.0
-- Check for working C compiler: /usr/bin/cc
-- Check for working C compiler: /usr/bin/cc -- works
-- Detecting C compiler ABI info
-- Detecting C compiler ABI info - done
-- Detecting C compile features
-- Detecting C compile features - done
-- Check for working CXX compiler: /usr/bin/c++
-- Check for working CXX compiler: /usr/bin/c++ -- works
-- Detecting CXX compiler ABI info
-- Detecting CXX compiler ABI info - done
-- Detecting CXX compile features
-- Detecting CXX compile features - done
-- Found ament_cmake: 1.1.5 (/opt/ros/galactic/share/ament_cmake/cmake)
-- Found PythonInterp: /usr/bin/python3 (found suitable version "3.8.10", minimum required is "3") 
-- Using PYTHON_EXECUTABLE: /usr/bin/python3
-- Override CMake install command with custom implementation using symlinks instead of copying resources
-- Found ament_lint_auto: 0.10.7 (/opt/ros/galactic/share/ament_lint_auto/cmake)
-- Added test 'copyright' to check source files copyright and LICENSE
-- Added test 'lint_cmake' to check CMake code style
-- Added test 'xmllint' to check XML markup files
-- Configuring done
-- Generating done
-- Build files have been written to: /root/RoboLearn/Demonstrations/ws_forcedimension/build/fd_description
-- Install configuration: "Release"
-- Execute custom install script
-- Symlinking: /root/RoboLearn/Demonstrations/ws_forcedimension/install/fd_description/share/fd_description/urdf/fd.urdf
-- Symlinking: /root/RoboLearn/Demonstrations/ws_forcedimension/install/fd_description/share/fd_description/ros2_control/fd.r2c_hardware.xacro
-- Symlinking: /root/RoboLearn/Demonstrations/ws_forcedimension/install/fd_description/share/fd_description/config/fd.config.xacro
-- Symlinking: /root/RoboLearn/Demonstrations/ws_forcedimension/install/fd_description/share/fd_description/config/fd_controllers.yaml
-- Symlinking: /root/RoboLearn/Demonstrations/ws_forcedimension/install/fd_description/share/ament_index/resource_index/package_run_dependencies/fd_description
-- Symlinking: /root/RoboLearn/Demonstrations/ws_forcedimension/install/fd_description/share/ament_index/resource_index/parent_prefix_path/fd_description
-- Symlinking: /root/RoboLearn/Demonstrations/ws_forcedimension/install/fd_description/share/fd_description/environment/ament_prefix_path.sh
-- Symlinking: /root/RoboLearn/Demonstrations/ws_forcedimension/install/fd_description/share/fd_description/environment/ament_prefix_path.dsv
-- Symlinking: /root/RoboLearn/Demonstrations/ws_forcedimension/install/fd_description/share/fd_description/environment/path.sh
-- Symlinking: /root/RoboLearn/Demonstrations/ws_forcedimension/install/fd_description/share/fd_description/environment/path.dsv
-- Symlinking: /root/RoboLearn/Demonstrations/ws_forcedimension/install/fd_description/share/fd_description/local_setup.bash
-- Symlinking: /root/RoboLearn/Demonstrations/ws_forcedimension/install/fd_description/share/fd_description/local_setup.sh
-- Symlinking: /root/RoboLearn/Demonstrations/ws_forcedimension/install/fd_description/share/fd_description/local_setup.zsh
-- Symlinking: /root/RoboLearn/Demonstrations/ws_forcedimension/install/fd_description/share/fd_description/local_setup.dsv
-- Symlinking: /root/RoboLearn/Demonstrations/ws_forcedimension/install/fd_description/share/fd_description/package.dsv
-- Symlinking: /root/RoboLearn/Demonstrations/ws_forcedimension/install/fd_description/share/ament_index/resource_index/packages/fd_description
-- Symlinking: /root/RoboLearn/Demonstrations/ws_forcedimension/install/fd_description/share/fd_description/cmake/fd_descriptionConfig.cmake
-- Symlinking: /root/RoboLearn/Demonstrations/ws_forcedimension/install/fd_description/share/fd_description/cmake/fd_descriptionConfig-version.cmake
-- Symlinking: /root/RoboLearn/Demonstrations/ws_forcedimension/install/fd_description/share/fd_description/package.xml
