running develop
running egg_info
creating tcp_socket.egg-info
writing tcp_socket.egg-info/PKG-INFO
writing dependency_links to tcp_socket.egg-info/dependency_links.txt
writing entry points to tcp_socket.egg-info/entry_points.txt
writing requirements to tcp_socket.egg-info/requires.txt
writing top-level names to tcp_socket.egg-info/top_level.txt
writing manifest file 'tcp_socket.egg-info/SOURCES.txt'
reading manifest file 'tcp_socket.egg-info/SOURCES.txt'
writing manifest file 'tcp_socket.egg-info/SOURCES.txt'
running build_ext
Creating /root/RoboLearn/Demonstrations/ws_forcedimension/install/tcp_socket/lib/python3.8/site-packages/site.py
Creating /root/RoboLearn/Demonstrations/ws_forcedimension/install/tcp_socket/lib/python3.8/site-packages/tcp-socket.egg-link (link to .)
Installing ee_topic_sub script to /root/RoboLearn/Demonstrations/ws_forcedimension/install/tcp_socket/lib/tcp_socket

Installed /root/RoboLearn/Demonstrations/ws_forcedimension/build/tcp_socket
running install_data
creating /root/RoboLearn/Demonstrations/ws_forcedimension/install/tcp_socket/share/ament_index
creating /root/RoboLearn/Demonstrations/ws_forcedimension/install/tcp_socket/share/ament_index/resource_index
creating /root/RoboLearn/Demonstrations/ws_forcedimension/install/tcp_socket/share/ament_index/resource_index/packages
copying resource/tcp_socket -> /root/RoboLearn/Demonstrations/ws_forcedimension/install/tcp_socket/share/ament_index/resource_index/packages
copying package.xml -> /root/RoboLearn/Demonstrations/ws_forcedimension/install/tcp_socket/share/tcp_socket
