-- The C compiler identification is GNU 9.4.0
-- The CXX compiler identification is GNU 9.4.0
-- Check for working C compiler: /usr/bin/cc
-- Check for working C compiler: /usr/bin/cc -- works
-- Detecting C compiler ABI info
-- Detecting C compiler ABI info - done
-- Detecting C compile features
-- Detecting C compile features - done
-- Check for working CXX compiler: /usr/bin/c++
-- Check for working CXX compiler: /usr/bin/c++ -- works
-- Detecting CXX compiler ABI info
-- Detecting CXX compiler ABI info - done
-- Detecting CXX compile features
-- Detecting CXX compile features - done
-- Found ament_cmake: 1.1.5 (/opt/ros/galactic/share/ament_cmake/cmake)
-- Found PythonInterp: /usr/bin/python3 (found suitable version "3.8.10", minimum required is "3") 
-- Using PYTHON_EXECUTABLE: /usr/bin/python3
-- Override CMake install command with custom implementation using symlinks instead of copying resources
-- Found rclcpp: 9.2.1 (/opt/ros/galactic/share/rclcpp/cmake)
-- Using single rosidl_typesupport_c: rosidl_typesupport_introspection_c
-- Found rosidl_adapter: 2.2.2 (/opt/ros/galactic/share/rosidl_adapter/cmake)
-- Using single rosidl_typesupport_cpp: rosidl_typesupport_introspection_cpp
-- Found rmw_implementation_cmake: 3.3.1 (/opt/ros/galactic/share/rmw_implementation_cmake/cmake)
-- Found rmw_cyclonedds_cpp: 0.22.5 (/opt/ros/galactic/share/rmw_cyclonedds_cpp/cmake)
-- Using RMW implementation 'rmw_cyclonedds_cpp' as default
-- Looking for pthread.h
-- Looking for pthread.h - found
-- Performing Test CMAKE_HAVE_LIBC_PTHREAD
-- Performing Test CMAKE_HAVE_LIBC_PTHREAD - Failed
-- Looking for pthread_create in pthreads
-- Looking for pthread_create in pthreads - not found
-- Looking for pthread_create in pthread
-- Looking for pthread_create in pthread - found
-- Found Threads: TRUE  
-- Found rclpy: 1.9.1 (/opt/ros/galactic/share/rclpy/cmake)
-- Found sensor_msgs: 2.2.4 (/opt/ros/galactic/share/sensor_msgs/cmake)
-- Found ament_lint_auto: 0.10.7 (/opt/ros/galactic/share/ament_lint_auto/cmake)
-- Added test 'copyright' to check source files copyright and LICENSE
-- Added test 'flake8' to check Python code syntax and style conventions
-- Added test 'lint_cmake' to check CMake code style
-- Added test 'pep257' to check Python code against some of the style conventions in PEP 257
-- Added test 'xmllint' to check XML markup files
-- Configuring done
-- Generating done
-- Build files have been written to: /root/RoboLearn/Demonstrations/ws_forcedimension/build/fd_bringup
-- Install configuration: "Release"
-- Execute custom install script
-- Symlinking: /root/RoboLearn/Demonstrations/ws_forcedimension/install/fd_bringup/share/fd_bringup/launch/fd.launch.py
-- Symlinking: /root/RoboLearn/Demonstrations/ws_forcedimension/install/fd_bringup/share/ament_index/resource_index/package_run_dependencies/fd_bringup
-- Symlinking: /root/RoboLearn/Demonstrations/ws_forcedimension/install/fd_bringup/share/ament_index/resource_index/parent_prefix_path/fd_bringup
-- Symlinking: /root/RoboLearn/Demonstrations/ws_forcedimension/install/fd_bringup/share/fd_bringup/environment/ament_prefix_path.sh
-- Symlinking: /root/RoboLearn/Demonstrations/ws_forcedimension/install/fd_bringup/share/fd_bringup/environment/ament_prefix_path.dsv
-- Symlinking: /root/RoboLearn/Demonstrations/ws_forcedimension/install/fd_bringup/share/fd_bringup/environment/path.sh
-- Symlinking: /root/RoboLearn/Demonstrations/ws_forcedimension/install/fd_bringup/share/fd_bringup/environment/path.dsv
-- Symlinking: /root/RoboLearn/Demonstrations/ws_forcedimension/install/fd_bringup/share/fd_bringup/local_setup.bash
-- Symlinking: /root/RoboLearn/Demonstrations/ws_forcedimension/install/fd_bringup/share/fd_bringup/local_setup.sh
-- Symlinking: /root/RoboLearn/Demonstrations/ws_forcedimension/install/fd_bringup/share/fd_bringup/local_setup.zsh
-- Symlinking: /root/RoboLearn/Demonstrations/ws_forcedimension/install/fd_bringup/share/fd_bringup/local_setup.dsv
-- Symlinking: /root/RoboLearn/Demonstrations/ws_forcedimension/install/fd_bringup/share/fd_bringup/package.dsv
-- Symlinking: /root/RoboLearn/Demonstrations/ws_forcedimension/install/fd_bringup/share/ament_index/resource_index/packages/fd_bringup
-- Symlinking: /root/RoboLearn/Demonstrations/ws_forcedimension/install/fd_bringup/share/fd_bringup/cmake/fd_bringupConfig.cmake
-- Symlinking: /root/RoboLearn/Demonstrations/ws_forcedimension/install/fd_bringup/share/fd_bringup/cmake/fd_bringupConfig-version.cmake
-- Symlinking: /root/RoboLearn/Demonstrations/ws_forcedimension/install/fd_bringup/share/fd_bringup/package.xml
