[0.042s] Invoking command in '/root/RoboLearn/Demonstrations/ws_forcedimension/build/fd_bringup': AMENT_PREFIX_PATH=/root/RoboLearn/Demonstrations/ws_forcedimension/install/fd_hardware:/root/RoboLearn/Demonstrations/ws_forcedimension/install/fd_description:${AMENT_PREFIX_PATH} CMAKE_PREFIX_PATH=/root/RoboLearn/Demonstrations/ws_forcedimension/install/fd_hardware:/root/RoboLearn/Demonstrations/ws_forcedimension/install/fd_description:/opt/ros/galactic LD_LIBRARY_PATH=/root/RoboLearn/Demonstrations/ws_forcedimension/install/fd_hardware/lib:${LD_LIBRARY_PATH} /usr/bin/cmake /root/RoboLearn/Demonstrations/ws_forcedimension/src/forcedimension_ros2/fd_bringup -DCMAKE_BUILD_TYPE=Release -DAMENT_CMAKE_SYMLINK_INSTALL=1 -DCMAKE_INSTALL_PREFIX=/root/RoboLearn/Demonstrations/ws_forcedimension/install/fd_bringup
[0.284s] -- The C compiler identification is GNU 9.4.0
[0.442s] -- The CXX compiler identification is GNU 9.4.0
[0.456s] -- Check for working C compiler: /usr/bin/cc
[0.687s] -- Check for working C compiler: /usr/bin/cc -- works
[0.689s] -- Detecting C compiler ABI info
[0.916s] -- Detecting C compiler ABI info - done
[0.951s] -- Detecting C compile features
[0.951s] -- Detecting C compile features - done
[0.957s] -- Check for working CXX compiler: /usr/bin/c++
[1.204s] -- Check for working CXX compiler: /usr/bin/c++ -- works
[1.208s] -- Detecting CXX compiler ABI info
[1.458s] -- Detecting CXX compiler ABI info - done
[1.492s] -- Detecting CXX compile features
[1.493s] -- Detecting CXX compile features - done
[1.498s] -- Found ament_cmake: 1.1.5 (/opt/ros/galactic/share/ament_cmake/cmake)
[1.560s] -- Found PythonInterp: /usr/bin/python3 (found suitable version "3.8.10", minimum required is "3") 
[1.560s] -- Using PYTHON_EXECUTABLE: /usr/bin/python3
[1.672s] -- Override CMake install command with custom implementation using symlinks instead of copying resources
[1.741s] -- Found rclcpp: 9.2.1 (/opt/ros/galactic/share/rclcpp/cmake)
[1.828s] -- Using single rosidl_typesupport_c: rosidl_typesupport_introspection_c
[1.839s] -- Found rosidl_adapter: 2.2.2 (/opt/ros/galactic/share/rosidl_adapter/cmake)
[1.870s] -- Using single rosidl_typesupport_cpp: rosidl_typesupport_introspection_cpp
[1.974s] -- Found rmw_implementation_cmake: 3.3.1 (/opt/ros/galactic/share/rmw_implementation_cmake/cmake)
[1.979s] -- Found rmw_cyclonedds_cpp: 0.22.5 (/opt/ros/galactic/share/rmw_cyclonedds_cpp/cmake)
[2.010s] -- Using RMW implementation 'rmw_cyclonedds_cpp' as default
[2.011s] -- Looking for pthread.h
[2.241s] -- Looking for pthread.h - found
[2.241s] -- Performing Test CMAKE_HAVE_LIBC_PTHREAD
[2.483s] -- Performing Test CMAKE_HAVE_LIBC_PTHREAD - Failed
[2.483s] -- Looking for pthread_create in pthreads
[2.692s] -- Looking for pthread_create in pthreads - not found
[2.692s] -- Looking for pthread_create in pthread
[2.926s] -- Looking for pthread_create in pthread - found
[2.929s] -- Found Threads: TRUE  
[3.199s] -- Found rclpy: 1.9.1 (/opt/ros/galactic/share/rclpy/cmake)
[3.204s] -- Found sensor_msgs: 2.2.4 (/opt/ros/galactic/share/sensor_msgs/cmake)
[3.412s] -- Found ament_lint_auto: 0.10.7 (/opt/ros/galactic/share/ament_lint_auto/cmake)
[3.580s] -- Added test 'copyright' to check source files copyright and LICENSE
[3.583s] -- Added test 'flake8' to check Python code syntax and style conventions
[3.584s] -- Added test 'lint_cmake' to check CMake code style
[3.585s] -- Added test 'pep257' to check Python code against some of the style conventions in PEP 257
[3.586s] -- Added test 'xmllint' to check XML markup files
[3.592s] -- Configuring done
[3.596s] -- Generating done
[3.606s] -- Build files have been written to: /root/RoboLearn/Demonstrations/ws_forcedimension/build/fd_bringup
[3.618s] Invoked command in '/root/RoboLearn/Demonstrations/ws_forcedimension/build/fd_bringup' returned '0': AMENT_PREFIX_PATH=/root/RoboLearn/Demonstrations/ws_forcedimension/install/fd_hardware:/root/RoboLearn/Demonstrations/ws_forcedimension/install/fd_description:${AMENT_PREFIX_PATH} CMAKE_PREFIX_PATH=/root/RoboLearn/Demonstrations/ws_forcedimension/install/fd_hardware:/root/RoboLearn/Demonstrations/ws_forcedimension/install/fd_description:/opt/ros/galactic LD_LIBRARY_PATH=/root/RoboLearn/Demonstrations/ws_forcedimension/install/fd_hardware/lib:${LD_LIBRARY_PATH} /usr/bin/cmake /root/RoboLearn/Demonstrations/ws_forcedimension/src/forcedimension_ros2/fd_bringup -DCMAKE_BUILD_TYPE=Release -DAMENT_CMAKE_SYMLINK_INSTALL=1 -DCMAKE_INSTALL_PREFIX=/root/RoboLearn/Demonstrations/ws_forcedimension/install/fd_bringup
[3.625s] Invoking command in '/root/RoboLearn/Demonstrations/ws_forcedimension/build/fd_bringup': AMENT_PREFIX_PATH=/root/RoboLearn/Demonstrations/ws_forcedimension/install/fd_hardware:/root/RoboLearn/Demonstrations/ws_forcedimension/install/fd_description:${AMENT_PREFIX_PATH} CMAKE_PREFIX_PATH=/root/RoboLearn/Demonstrations/ws_forcedimension/install/fd_hardware:/root/RoboLearn/Demonstrations/ws_forcedimension/install/fd_description:/opt/ros/galactic LD_LIBRARY_PATH=/root/RoboLearn/Demonstrations/ws_forcedimension/install/fd_hardware/lib:${LD_LIBRARY_PATH} /usr/bin/cmake --build /root/RoboLearn/Demonstrations/ws_forcedimension/build/fd_bringup -- -j104 -l104
[3.754s] Invoked command in '/root/RoboLearn/Demonstrations/ws_forcedimension/build/fd_bringup' returned '0': AMENT_PREFIX_PATH=/root/RoboLearn/Demonstrations/ws_forcedimension/install/fd_hardware:/root/RoboLearn/Demonstrations/ws_forcedimension/install/fd_description:${AMENT_PREFIX_PATH} CMAKE_PREFIX_PATH=/root/RoboLearn/Demonstrations/ws_forcedimension/install/fd_hardware:/root/RoboLearn/Demonstrations/ws_forcedimension/install/fd_description:/opt/ros/galactic LD_LIBRARY_PATH=/root/RoboLearn/Demonstrations/ws_forcedimension/install/fd_hardware/lib:${LD_LIBRARY_PATH} /usr/bin/cmake --build /root/RoboLearn/Demonstrations/ws_forcedimension/build/fd_bringup -- -j104 -l104
[3.864s] Invoking command in '/root/RoboLearn/Demonstrations/ws_forcedimension/build/fd_bringup': AMENT_PREFIX_PATH=/root/RoboLearn/Demonstrations/ws_forcedimension/install/fd_hardware:/root/RoboLearn/Demonstrations/ws_forcedimension/install/fd_description:${AMENT_PREFIX_PATH} CMAKE_PREFIX_PATH=/root/RoboLearn/Demonstrations/ws_forcedimension/install/fd_hardware:/root/RoboLearn/Demonstrations/ws_forcedimension/install/fd_description:/opt/ros/galactic LD_LIBRARY_PATH=/root/RoboLearn/Demonstrations/ws_forcedimension/install/fd_hardware/lib:${LD_LIBRARY_PATH} /usr/bin/cmake --install /root/RoboLearn/Demonstrations/ws_forcedimension/build/fd_bringup
[3.888s] -- Install configuration: "Release"
[3.889s] -- Execute custom install script
[3.891s] -- Symlinking: /root/RoboLearn/Demonstrations/ws_forcedimension/install/fd_bringup/share/fd_bringup/launch/fd.launch.py
[3.919s] -- Symlinking: /root/RoboLearn/Demonstrations/ws_forcedimension/install/fd_bringup/share/ament_index/resource_index/package_run_dependencies/fd_bringup
[3.946s] -- Symlinking: /root/RoboLearn/Demonstrations/ws_forcedimension/install/fd_bringup/share/ament_index/resource_index/parent_prefix_path/fd_bringup
[3.973s] -- Symlinking: /root/RoboLearn/Demonstrations/ws_forcedimension/install/fd_bringup/share/fd_bringup/environment/ament_prefix_path.sh
[4.000s] -- Symlinking: /root/RoboLearn/Demonstrations/ws_forcedimension/install/fd_bringup/share/fd_bringup/environment/ament_prefix_path.dsv
[4.026s] -- Symlinking: /root/RoboLearn/Demonstrations/ws_forcedimension/install/fd_bringup/share/fd_bringup/environment/path.sh
[4.053s] -- Symlinking: /root/RoboLearn/Demonstrations/ws_forcedimension/install/fd_bringup/share/fd_bringup/environment/path.dsv
[4.081s] -- Symlinking: /root/RoboLearn/Demonstrations/ws_forcedimension/install/fd_bringup/share/fd_bringup/local_setup.bash
[4.108s] -- Symlinking: /root/RoboLearn/Demonstrations/ws_forcedimension/install/fd_bringup/share/fd_bringup/local_setup.sh
[4.135s] -- Symlinking: /root/RoboLearn/Demonstrations/ws_forcedimension/install/fd_bringup/share/fd_bringup/local_setup.zsh
[4.162s] -- Symlinking: /root/RoboLearn/Demonstrations/ws_forcedimension/install/fd_bringup/share/fd_bringup/local_setup.dsv
[4.189s] -- Symlinking: /root/RoboLearn/Demonstrations/ws_forcedimension/install/fd_bringup/share/fd_bringup/package.dsv
[4.216s] -- Symlinking: /root/RoboLearn/Demonstrations/ws_forcedimension/install/fd_bringup/share/ament_index/resource_index/packages/fd_bringup
[4.241s] -- Symlinking: /root/RoboLearn/Demonstrations/ws_forcedimension/install/fd_bringup/share/fd_bringup/cmake/fd_bringupConfig.cmake
[4.263s] -- Symlinking: /root/RoboLearn/Demonstrations/ws_forcedimension/install/fd_bringup/share/fd_bringup/cmake/fd_bringupConfig-version.cmake
[4.289s] -- Symlinking: /root/RoboLearn/Demonstrations/ws_forcedimension/install/fd_bringup/share/fd_bringup/package.xml
[4.326s] Invoked command in '/root/RoboLearn/Demonstrations/ws_forcedimension/build/fd_bringup' returned '0': AMENT_PREFIX_PATH=/root/RoboLearn/Demonstrations/ws_forcedimension/install/fd_hardware:/root/RoboLearn/Demonstrations/ws_forcedimension/install/fd_description:${AMENT_PREFIX_PATH} CMAKE_PREFIX_PATH=/root/RoboLearn/Demonstrations/ws_forcedimension/install/fd_hardware:/root/RoboLearn/Demonstrations/ws_forcedimension/install/fd_description:/opt/ros/galactic LD_LIBRARY_PATH=/root/RoboLearn/Demonstrations/ws_forcedimension/install/fd_hardware/lib:${LD_LIBRARY_PATH} /usr/bin/cmake --install /root/RoboLearn/Demonstrations/ws_forcedimension/build/fd_bringup
