-- The C compiler identification is GNU 9.4.0
-- The CXX compiler identification is GNU 9.4.0
-- Check for working C compiler: /usr/bin/cc
-- Check for working C compiler: /usr/bin/cc -- works
-- Detecting C compiler ABI info
-- Detecting C compiler ABI info - done
-- Detecting C compile features
-- Detecting C compile features - done
-- Check for working CXX compiler: /usr/bin/c++
-- Check for working CXX compiler: /usr/bin/c++ -- works
-- Detecting CXX compiler ABI info
-- Detecting CXX compiler ABI info - done
-- Detecting CXX compile features
-- Detecting CXX compile features - done
-- Found ament_cmake: 1.1.5 (/opt/ros/galactic/share/ament_cmake/cmake)
-- Found PythonInterp: /usr/bin/python3 (found suitable version "3.8.10", minimum required is "3") 
-- Using PYTHON_EXECUTABLE: /usr/bin/python3
-- Override CMake install command with custom implementation using symlinks instead of copying resources
-- Found hardware_interface: 1.5.1 (/opt/ros/galactic/share/hardware_interface/cmake)
-- Using single rosidl_typesupport_c: rosidl_typesupport_introspection_c
-- Found rosidl_adapter: 2.2.2 (/opt/ros/galactic/share/rosidl_adapter/cmake)
-- Using single rosidl_typesupport_cpp: rosidl_typesupport_introspection_cpp
-- Found rmw_implementation_cmake: 3.3.1 (/opt/ros/galactic/share/rmw_implementation_cmake/cmake)
-- Found rmw_cyclonedds_cpp: 0.22.5 (/opt/ros/galactic/share/rmw_cyclonedds_cpp/cmake)
-- Using RMW implementation 'rmw_cyclonedds_cpp' as default
-- Looking for pthread.h
-- Looking for pthread.h - found
-- Performing Test CMAKE_HAVE_LIBC_PTHREAD
-- Performing Test CMAKE_HAVE_LIBC_PTHREAD - Failed
-- Looking for pthread_create in pthreads
-- Looking for pthread_create in pthreads - not found
-- Looking for pthread_create in pthread
-- Looking for pthread_create in pthread - found
-- Found Threads: TRUE  
-- Found ament_cmake_gtest: 1.1.5 (/opt/ros/galactic/share/ament_cmake_gtest/cmake)
-- Configuring done
-- Generating done
-- Build files have been written to: /root/RoboLearn/Demonstrations/ws_forcedimension/build/fd_hardware
[35m[1mScanning dependencies of target fd_hardware[0m
[ 50%] [32mBuilding CXX object CMakeFiles/fd_hardware.dir/src/fd_effort_hi.cpp.o[0m
In file included from [01m[K/opt/ros/galactic/include/rclcpp/client.hpp:40[m[K,
                 from [01m[K/opt/ros/galactic/include/rclcpp/callback_group.hpp:23[m[K,
                 from [01m[K/opt/ros/galactic/include/rclcpp/any_executable.hpp:20[m[K,
                 from [01m[K/opt/ros/galactic/include/rclcpp/memory_strategy.hpp:25[m[K,
                 from [01m[K/opt/ros/galactic/include/rclcpp/memory_strategies.hpp:18[m[K,
                 from [01m[K/opt/ros/galactic/include/rclcpp/executor_options.hpp:20[m[K,
                 from [01m[K/opt/ros/galactic/include/rclcpp/executor.hpp:36[m[K,
                 from [01m[K/opt/ros/galactic/include/rclcpp/executors/multi_threaded_executor.hpp:26[m[K,
                 from [01m[K/opt/ros/galactic/include/rclcpp/executors.hpp:21[m[K,
                 from [01m[K/opt/ros/galactic/include/rclcpp/rclcpp.hpp:156[m[K,
                 from [01m[K/root/RoboLearn/Demonstrations/ws_forcedimension/src/forcedimension_ros2/fd_hardware/src/fd_effort_hi.cpp:32[m[K:
[01m[K/root/RoboLearn/Demonstrations/ws_forcedimension/src/forcedimension_ros2/fd_hardware/src/fd_effort_hi.cpp:[m[K In member function ‘[01m[Kvirtual CallbackReturn fd_hardware::FDEffortHardwareInterface::on_init(const hardware_interface::HardwareInfo&)[m[K’:
[01m[K/root/RoboLearn/Demonstrations/ws_forcedimension/src/forcedimension_ros2/fd_hardware/src/fd_effort_hi.cpp:59:9:[m[K [01;35m[Kwarning: [m[Kformat ‘[01m[K%d[m[K’ expects argument of type ‘[01m[Kint[m[K’, but argument 6 has type ‘[01m[Kstd::vector<hardware_interface::InterfaceInfo>::size_type[m[K’ {aka ‘[01m[Klong unsigned int[m[K’} [[01;35m[K-Wformat=[m[K]
   59 |         [01;35m[K"Joint '%s' has %d command interfaces found. 1 expected."[m[K, joint.name.c_str(),
      |         [01;35m[K^~~~~~~~~~~~~~~~~~~~~~~~~~~~~~~~~~~~~~~~~~~~~~~~~~~~~~~~~[m[K
   60 |         [32m[Kjoint.command_interfaces.size()[m[K);
      |         [32m[K~~~~~~~~~~~~~~~~~~~~~~~~~~~~~~~[m[K
      |                                      [32m[K|[m[K
      |                                      [32m[Kstd::vector<hardware_interface::InterfaceInfo>::size_type {aka long unsigned int}[m[K
[01m[K/root/RoboLearn/Demonstrations/ws_forcedimension/src/forcedimension_ros2/fd_hardware/src/fd_effort_hi.cpp:59:26:[m[K [01;36m[Knote: [m[Kformat string is defined here
   59 |         "Joint '%s' has [01;36m[K%d[m[K command interfaces found. 1 expected.", joint.name.c_str(),
      |                         [01;36m[K~^[m[K
      |                          [01;36m[K|[m[K
      |                          [01;36m[Kint[m[K
      |                         [32m[K%ld[m[K
In file included from [01m[K/opt/ros/galactic/include/rclcpp/client.hpp:40[m[K,
                 from [01m[K/opt/ros/galactic/include/rclcpp/callback_group.hpp:23[m[K,
                 from [01m[K/opt/ros/galactic/include/rclcpp/any_executable.hpp:20[m[K,
                 from [01m[K/opt/ros/galactic/include/rclcpp/memory_strategy.hpp:25[m[K,
                 from [01m[K/opt/ros/galactic/include/rclcpp/memory_strategies.hpp:18[m[K,
                 from [01m[K/opt/ros/galactic/include/rclcpp/executor_options.hpp:20[m[K,
                 from [01m[K/opt/ros/galactic/include/rclcpp/executor.hpp:36[m[K,
                 from [01m[K/opt/ros/galactic/include/rclcpp/executors/multi_threaded_executor.hpp:26[m[K,
                 from [01m[K/opt/ros/galactic/include/rclcpp/executors.hpp:21[m[K,
                 from [01m[K/opt/ros/galactic/include/rclcpp/rclcpp.hpp:156[m[K,
                 from [01m[K/root/RoboLearn/Demonstrations/ws_forcedimension/src/forcedimension_ros2/fd_hardware/src/fd_effort_hi.cpp:32[m[K:
[01m[K/root/RoboLearn/Demonstrations/ws_forcedimension/src/forcedimension_ros2/fd_hardware/src/fd_effort_hi.cpp:77:9:[m[K [01;35m[Kwarning: [m[Kformat ‘[01m[K%d[m[K’ expects argument of type ‘[01m[Kint[m[K’, but argument 6 has type ‘[01m[Kstd::vector<hardware_interface::InterfaceInfo>::size_type[m[K’ {aka ‘[01m[Klong unsigned int[m[K’} [[01;35m[K-Wformat=[m[K]
   77 |         [01;35m[K"Joint '%s' has %d state interface. 3 expected."[m[K, joint.name.c_str(),
      |         [01;35m[K^~~~~~~~~~~~~~~~~~~~~~~~~~~~~~~~~~~~~~~~~~~~~~~~[m[K
   78 |         [32m[Kjoint.state_interfaces.size()[m[K);
      |         [32m[K~~~~~~~~~~~~~~~~~~~~~~~~~~~~~[m[K
      |                                    [32m[K|[m[K
      |                                    [32m[Kstd::vector<hardware_interface::InterfaceInfo>::size_type {aka long unsigned int}[m[K
[01m[K/root/RoboLearn/Demonstrations/ws_forcedimension/src/forcedimension_ros2/fd_hardware/src/fd_effort_hi.cpp:77:26:[m[K [01;36m[Knote: [m[Kformat string is defined here
   77 |         "Joint '%s' has [01;36m[K%d[m[K state interface. 3 expected.", joint.name.c_str(),
      |                         [01;36m[K~^[m[K
      |                          [01;36m[K|[m[K
      |                          [01;36m[Kint[m[K
      |                         [32m[K%ld[m[K
[01m[K/root/RoboLearn/Demonstrations/ws_forcedimension/src/forcedimension_ros2/fd_hardware/src/fd_effort_hi.cpp:[m[K In member function ‘[01m[Kvirtual CallbackReturn fd_hardware::FDEffortHardwareInterface::on_activate(const rclcpp_lifecycle::State&)[m[K’:
[01m[K/root/RoboLearn/Demonstrations/ws_forcedimension/src/forcedimension_ros2/fd_hardware/src/fd_effort_hi.cpp:150:87:[m[K [01;35m[Kwarning: [m[Kunused parameter ‘[01m[Kprevious_state[m[K’ [[01;35m[K-Wunused-parameter[m[K]
  150 | allbackReturn FDEffortHardwareInterface::on_activate([01;35m[Kconst rclcpp_lifecycle::State & previous_state[m[K)
      |                                                      [01;35m[K~~~~~~~~~~~~~~~~~~~~~~~~~~~~~~~~^~~~~~~~~~~~~~[m[K

[01m[K/root/RoboLearn/Demonstrations/ws_forcedimension/src/forcedimension_ros2/fd_hardware/src/fd_effort_hi.cpp:[m[K In member function ‘[01m[Kvirtual CallbackReturn fd_hardware::FDEffortHardwareInterface::on_deactivate(const rclcpp_lifecycle::State&)[m[K’:
[01m[K/root/RoboLearn/Demonstrations/ws_forcedimension/src/forcedimension_ros2/fd_hardware/src/fd_effort_hi.cpp:166:89:[m[K [01;35m[Kwarning: [m[Kunused parameter ‘[01m[Kprevious_state[m[K’ [[01;35m[K-Wunused-parameter[m[K]
  166 | lbackReturn FDEffortHardwareInterface::on_deactivate([01;35m[Kconst rclcpp_lifecycle::State & previous_state[m[K)
      |                                                      [01;35m[K~~~~~~~~~~~~~~~~~~~~~~~~~~~~~~~~^~~~~~~~~~~~~~[m[K

In file included from [01m[K/opt/ros/galactic/include/rclcpp/client.hpp:40[m[K,
                 from [01m[K/opt/ros/galactic/include/rclcpp/callback_group.hpp:23[m[K,
                 from [01m[K/opt/ros/galactic/include/rclcpp/any_executable.hpp:20[m[K,
                 from [01m[K/opt/ros/galactic/include/rclcpp/memory_strategy.hpp:25[m[K,
                 from [01m[K/opt/ros/galactic/include/rclcpp/memory_strategies.hpp:18[m[K,
                 from [01m[K/opt/ros/galactic/include/rclcpp/executor_options.hpp:20[m[K,
                 from [01m[K/opt/ros/galactic/include/rclcpp/executor.hpp:36[m[K,
                 from [01m[K/opt/ros/galactic/include/rclcpp/executors/multi_threaded_executor.hpp:26[m[K,
                 from [01m[K/opt/ros/galactic/include/rclcpp/executors.hpp:21[m[K,
                 from [01m[K/opt/ros/galactic/include/rclcpp/rclcpp.hpp:156[m[K,
                 from [01m[K/root/RoboLearn/Demonstrations/ws_forcedimension/src/forcedimension_ros2/fd_hardware/src/fd_effort_hi.cpp:32[m[K:
[01m[K/root/RoboLearn/Demonstrations/ws_forcedimension/src/forcedimension_ros2/fd_hardware/src/fd_effort_hi.cpp:[m[K In member function ‘[01m[Kbool fd_hardware::FDEffortHardwareInterface::connectToDevice()[m[K’:
[01m[K/root/RoboLearn/Demonstrations/ws_forcedimension/src/forcedimension_ros2/fd_hardware/src/fd_effort_hi.cpp:276:71:[m[K [01;35m[Kwarning: [m[Kformat ‘[01m[K%s[m[K’ expects argument of type ‘[01m[Kchar*[m[K’, but argument 5 has type ‘[01m[Kstd::string[m[K’ {aka ‘[01m[Kstd::__cxx11::basic_string<char>[m[K’} [[01;35m[K-Wformat=[m[K]
  276 |           RCLCPP_INFO(rclcpp::get_logger("FDEffortHardwareInterface"),[01;35m[K"dhd : Effector Mass = %sg"[m[K,[32m[Kstd::to_string(effector_mass*1000.0)[m[K);
      |                                                                       [01;35m[K^~~~~~~~~~~~~~~~~~~~~~~~~~~[m[K [32m[K~~~~~~~~~~~~~~~~~~~~~~~~~~~~~~~~~~~~[m[K
      |                                                                                                                 [32m[K|[m[K
      |                                                                                                                 [32m[Kstd::string {aka std::__cxx11::basic_string<char>}[m[K
[01m[K/root/RoboLearn/Demonstrations/ws_forcedimension/src/forcedimension_ros2/fd_hardware/src/fd_effort_hi.cpp:276:95:[m[K [01;36m[Knote: [m[Kformat string is defined here
  276 | LCPP_INFO(rclcpp::get_logger("FDEffortHardwareInterface"),"dhd : Effector Mass = [01;36m[K%s[m[Kg",std::to_string(effector_mass*1000.0));
      |                                                                                  [01;36m[K~^[m[K
      |                                                                                   [01;36m[K|[m[K
      |                                                                                   [01;36m[Kchar*[m[K

[100%] [32m[1mLinking CXX shared library libfd_hardware.so[0m
[100%] Built target fd_hardware
-- Install configuration: "Release"
-- Execute custom install script
-- Symlinking: /root/RoboLearn/Demonstrations/ws_forcedimension/install/fd_hardware/share/fd_hardware//fd_hardware_plugin.xml
-- Symlinking: /root/RoboLearn/Demonstrations/ws_forcedimension/install/fd_hardware/lib/libfd_hardware.so
-- Symlinking: /root/RoboLearn/Demonstrations/ws_forcedimension/install/fd_hardware/include/fd_hardware/fd_effort_hi.hpp
-- Symlinking: /root/RoboLearn/Demonstrations/ws_forcedimension/install/fd_hardware/include/fd_hardware/visibility_control.h
-- Symlinking: /root/RoboLearn/Demonstrations/ws_forcedimension/install/fd_hardware/share/fd_hardware/environment/library_path.sh
-- Symlinking: /root/RoboLearn/Demonstrations/ws_forcedimension/install/fd_hardware/share/fd_hardware/environment/library_path.dsv
-- Symlinking: /root/RoboLearn/Demonstrations/ws_forcedimension/install/fd_hardware/share/ament_index/resource_index/package_run_dependencies/fd_hardware
-- Symlinking: /root/RoboLearn/Demonstrations/ws_forcedimension/install/fd_hardware/share/ament_index/resource_index/parent_prefix_path/fd_hardware
-- Symlinking: /root/RoboLearn/Demonstrations/ws_forcedimension/install/fd_hardware/share/fd_hardware/environment/ament_prefix_path.sh
-- Symlinking: /root/RoboLearn/Demonstrations/ws_forcedimension/install/fd_hardware/share/fd_hardware/environment/ament_prefix_path.dsv
-- Symlinking: /root/RoboLearn/Demonstrations/ws_forcedimension/install/fd_hardware/share/fd_hardware/environment/path.sh
-- Symlinking: /root/RoboLearn/Demonstrations/ws_forcedimension/install/fd_hardware/share/fd_hardware/environment/path.dsv
-- Symlinking: /root/RoboLearn/Demonstrations/ws_forcedimension/install/fd_hardware/share/fd_hardware/local_setup.bash
-- Symlinking: /root/RoboLearn/Demonstrations/ws_forcedimension/install/fd_hardware/share/fd_hardware/local_setup.sh
-- Symlinking: /root/RoboLearn/Demonstrations/ws_forcedimension/install/fd_hardware/share/fd_hardware/local_setup.zsh
-- Symlinking: /root/RoboLearn/Demonstrations/ws_forcedimension/install/fd_hardware/share/fd_hardware/local_setup.dsv
-- Symlinking: /root/RoboLearn/Demonstrations/ws_forcedimension/install/fd_hardware/share/fd_hardware/package.dsv
-- Symlinking: /root/RoboLearn/Demonstrations/ws_forcedimension/install/fd_hardware/share/ament_index/resource_index/packages/fd_hardware
-- Symlinking: /root/RoboLearn/Demonstrations/ws_forcedimension/install/fd_hardware/share/ament_index/resource_index/hardware_interface__pluginlib__plugin/fd_hardware
-- Symlinking: /root/RoboLearn/Demonstrations/ws_forcedimension/install/fd_hardware/share/fd_hardware/cmake/ament_cmake_export_include_directories-extras.cmake
-- Symlinking: /root/RoboLearn/Demonstrations/ws_forcedimension/install/fd_hardware/share/fd_hardware/cmake/ament_cmake_export_libraries-extras.cmake
-- Symlinking: /root/RoboLearn/Demonstrations/ws_forcedimension/install/fd_hardware/share/fd_hardware/cmake/ament_cmake_export_dependencies-extras.cmake
-- Symlinking: /root/RoboLearn/Demonstrations/ws_forcedimension/install/fd_hardware/share/fd_hardware/cmake/fd_hardwareConfig.cmake
-- Symlinking: /root/RoboLearn/Demonstrations/ws_forcedimension/install/fd_hardware/share/fd_hardware/cmake/fd_hardwareConfig-version.cmake
-- Symlinking: /root/RoboLearn/Demonstrations/ws_forcedimension/install/fd_hardware/share/fd_hardware/package.xml
