-- The C compiler identification is GNU 9.4.0
-- The CXX compiler identification is GNU 9.4.0
-- Check for working C compiler: /usr/bin/cc
-- Check for working C compiler: /usr/bin/cc -- works
-- Detecting C compiler ABI info
-- Detecting C compiler ABI info - done
-- Detecting C compile features
-- Detecting C compile features - done
-- Check for working CXX compiler: /usr/bin/c++
-- Check for working CXX compiler: /usr/bin/c++ -- works
-- Detecting CXX compiler ABI info
-- Detecting CXX compiler ABI info - done
-- Detecting CXX compile features
-- Detecting CXX compile features - done
-- Found ament_cmake: 1.1.5 (/opt/ros/galactic/share/ament_cmake/cmake)
-- Found PythonInterp: /usr/bin/python3 (found suitable version "3.8.10", minimum required is "3") 
-- Using PYTHON_EXECUTABLE: /usr/bin/python3
-- Override CMake install command with custom implementation using symlinks instead of copying resources
-- Found controller_interface: 1.5.1 (/opt/ros/galactic/share/controller_interface/cmake)
-- Using single rosidl_typesupport_c: rosidl_typesupport_introspection_c
-- Found rosidl_adapter: 2.2.2 (/opt/ros/galactic/share/rosidl_adapter/cmake)
-- Using single rosidl_typesupport_cpp: rosidl_typesupport_introspection_cpp
-- Found rmw_implementation_cmake: 3.3.1 (/opt/ros/galactic/share/rmw_implementation_cmake/cmake)
-- Found rmw_cyclonedds_cpp: 0.22.5 (/opt/ros/galactic/share/rmw_cyclonedds_cpp/cmake)
-- Using RMW implementation 'rmw_cyclonedds_cpp' as default
-- Looking for pthread.h
-- Looking for pthread.h - found
-- Performing Test CMAKE_HAVE_LIBC_PTHREAD
-- Performing Test CMAKE_HAVE_LIBC_PTHREAD - Failed
-- Looking for pthread_create in pthreads
-- Looking for pthread_create in pthreads - not found
-- Looking for pthread_create in pthread
-- Looking for pthread_create in pthread - found
-- Found Threads: TRUE  
-- Found realtime_tools: 2.2.0 (/opt/ros/galactic/share/realtime_tools/cmake)
-- Found eigen3_cmake_module: 0.1.1 (/opt/ros/galactic/share/eigen3_cmake_module/cmake)
-- Found Eigen3: TRUE (found version "3.3.7") 
-- Configuring done
-- Generating done
-- Build files have been written to: /root/RoboLearn/Demonstrations/ws_forcedimension/build/ee_pose_broadcaster
[35m[1mScanning dependencies of target ee_pose_broadcaster[0m
[ 50%] [32mBuilding CXX object CMakeFiles/ee_pose_broadcaster.dir/src/ee_pose_broadcaster.cpp.o[0m
[01m[K/root/RoboLearn/Demonstrations/ws_forcedimension/src/forcedimension_ros2/fd_controllers/ee_pose_broadcaster/src/ee_pose_broadcaster.cpp:[m[K In member function ‘[01m[Kvirtual controller_interface::return_type ee_pose_broadcaster::EePoseBroadcaster::update(const rclcpp::Time&, const rclcpp::Duration&)[m[K’:
[01m[K/root/RoboLearn/Demonstrations/ws_forcedimension/src/forcedimension_ros2/fd_controllers/ee_pose_broadcaster/src/ee_pose_broadcaster.cpp:172:82:[m[K [01;35m[Kwarning: [m[Kunused parameter ‘[01m[Ktime[m[K’ [[01;35m[K-Wunused-parameter[m[K]
  172 | controller_interface::return_type EePoseBroadcaster::update([01;35m[Kconst rclcpp::Time & time[m[K, const rclcpp::Duration & period)
      |                                                             [01;35m[K~~~~~~~~~~~~~~~~~~~~~^~~~[m[K
[01m[K/root/RoboLearn/Demonstrations/ws_forcedimension/src/forcedimension_ros2/fd_controllers/ee_pose_broadcaster/src/ee_pose_broadcaster.cpp:172:113:[m[K [01;35m[Kwarning: [m[Kunused parameter ‘[01m[Kperiod[m[K’ [[01;35m[K-Wunused-parameter[m[K]
  172 | ype EePoseBroadcaster::update(const rclcpp::Time & time, [01;35m[Kconst rclcpp::Duration & period[m[K)
      |                                                          [01;35m[K~~~~~~~~~~~~~~~~~~~~~~~~~^~~~~~[m[K

[100%] [32m[1mLinking CXX shared library libee_pose_broadcaster.so[0m
[100%] Built target ee_pose_broadcaster
-- Install configuration: "Release"
-- Execute custom install script
-- Symlinking: /root/RoboLearn/Demonstrations/ws_forcedimension/install/ee_pose_broadcaster/share/ee_pose_broadcaster//ee_pose_plugin.xml
-- Symlinking: /root/RoboLearn/Demonstrations/ws_forcedimension/install/ee_pose_broadcaster/include/ee_pose_broadcaster/ee_pose_broadcaster.hpp
-- Symlinking: /root/RoboLearn/Demonstrations/ws_forcedimension/install/ee_pose_broadcaster/include/ee_pose_broadcaster/visibility_control.h
-- Symlinking: /root/RoboLearn/Demonstrations/ws_forcedimension/install/ee_pose_broadcaster/lib/libee_pose_broadcaster.so
-- Symlinking: /root/RoboLearn/Demonstrations/ws_forcedimension/install/ee_pose_broadcaster/share/ee_pose_broadcaster/environment/library_path.sh
-- Symlinking: /root/RoboLearn/Demonstrations/ws_forcedimension/install/ee_pose_broadcaster/share/ee_pose_broadcaster/environment/library_path.dsv
-- Symlinking: /root/RoboLearn/Demonstrations/ws_forcedimension/install/ee_pose_broadcaster/share/ament_index/resource_index/package_run_dependencies/ee_pose_broadcaster
-- Symlinking: /root/RoboLearn/Demonstrations/ws_forcedimension/install/ee_pose_broadcaster/share/ament_index/resource_index/parent_prefix_path/ee_pose_broadcaster
-- Symlinking: /root/RoboLearn/Demonstrations/ws_forcedimension/install/ee_pose_broadcaster/share/ee_pose_broadcaster/environment/ament_prefix_path.sh
-- Symlinking: /root/RoboLearn/Demonstrations/ws_forcedimension/install/ee_pose_broadcaster/share/ee_pose_broadcaster/environment/ament_prefix_path.dsv
-- Symlinking: /root/RoboLearn/Demonstrations/ws_forcedimension/install/ee_pose_broadcaster/share/ee_pose_broadcaster/environment/path.sh
-- Symlinking: /root/RoboLearn/Demonstrations/ws_forcedimension/install/ee_pose_broadcaster/share/ee_pose_broadcaster/environment/path.dsv
-- Symlinking: /root/RoboLearn/Demonstrations/ws_forcedimension/install/ee_pose_broadcaster/share/ee_pose_broadcaster/local_setup.bash
-- Symlinking: /root/RoboLearn/Demonstrations/ws_forcedimension/install/ee_pose_broadcaster/share/ee_pose_broadcaster/local_setup.sh
-- Symlinking: /root/RoboLearn/Demonstrations/ws_forcedimension/install/ee_pose_broadcaster/share/ee_pose_broadcaster/local_setup.zsh
-- Symlinking: /root/RoboLearn/Demonstrations/ws_forcedimension/install/ee_pose_broadcaster/share/ee_pose_broadcaster/local_setup.dsv
-- Symlinking: /root/RoboLearn/Demonstrations/ws_forcedimension/install/ee_pose_broadcaster/share/ee_pose_broadcaster/package.dsv
-- Symlinking: /root/RoboLearn/Demonstrations/ws_forcedimension/install/ee_pose_broadcaster/share/ament_index/resource_index/packages/ee_pose_broadcaster
-- Symlinking: /root/RoboLearn/Demonstrations/ws_forcedimension/install/ee_pose_broadcaster/share/ament_index/resource_index/controller_interface__pluginlib__plugin/ee_pose_broadcaster
-- Symlinking: /root/RoboLearn/Demonstrations/ws_forcedimension/install/ee_pose_broadcaster/share/ee_pose_broadcaster/cmake/ament_cmake_export_dependencies-extras.cmake
-- Symlinking: /root/RoboLearn/Demonstrations/ws_forcedimension/install/ee_pose_broadcaster/share/ee_pose_broadcaster/cmake/ament_cmake_export_include_directories-extras.cmake
-- Symlinking: /root/RoboLearn/Demonstrations/ws_forcedimension/install/ee_pose_broadcaster/share/ee_pose_broadcaster/cmake/ament_cmake_export_libraries-extras.cmake
-- Symlinking: /root/RoboLearn/Demonstrations/ws_forcedimension/install/ee_pose_broadcaster/share/ee_pose_broadcaster/cmake/ee_pose_broadcasterConfig.cmake
-- Symlinking: /root/RoboLearn/Demonstrations/ws_forcedimension/install/ee_pose_broadcaster/share/ee_pose_broadcaster/cmake/ee_pose_broadcasterConfig-version.cmake
-- Symlinking: /root/RoboLearn/Demonstrations/ws_forcedimension/install/ee_pose_broadcaster/share/ee_pose_broadcaster/package.xml
